#
# There is insufficient memory for the Java Runtime Environment to continue.
# Native memory allocation (mmap) failed to map 134217728 bytes for G1 virtual space
# Possible reasons:
#   The system is out of physical RAM or swap space
#   The process is running with CompressedOops enabled, and the Java Heap may be blocking the growth of the native heap
# Possible solutions:
#   Reduce memory load on the system
#   Increase physical memory or swap space
#   Check if swap backing store is full
#   Decrease Java heap size (-Xmx/-Xms)
#   Decrease number of Java threads
#   Decrease Java thread stack sizes (-Xss)
#   Set larger code cache with -XX:ReservedCodeCacheSize=
#   JVM is running with Unscaled Compressed Oops mode in which the Java heap is
#     placed in the first 4GB address space. The Java Heap base address is the
#     maximum limit for the native heap growth. Please use -XX:HeapBaseMinAddress
#     to set the Java Heap base and to place the Java Heap above 4GB virtual address.
# This output file may be truncated or incomplete.
#
#  Out of Memory Error (os_windows.cpp:3825), pid=11220, tid=19936
#
# JRE version:  (17.0.9+7) (build )
# Java VM: OpenJDK 64-Bit Server VM (17.0.9+7-b1087.11, mixed mode, sharing, tiered, compressed oops, compressed class ptrs, g1 gc, windows-amd64)
# No core dump will be written. Minidumps are not enabled by default on client versions of Windows
#

---------------  S U M M A R Y ------------

Command Line: -Djava.rmi.server.hostname=127.0.0.1 -Duser.timezone=UTC -Xmx2048m -Xms128m -Djdbc.classpath=C:\Program Files\JetBrains\IntelliJ IDEA 2023.3.3\plugins\DatabaseTools\lib\jdbc-console.jar;C:\Users\Elève\AppData\Roaming\JetBrains\IntelliJIdea2023.3\jdbc-drivers\MySQL ConnectorJ\8.0.25\mysql\mysql-connector-java\8.0.25\mysql-connector-java-8.0.25.jar;C:\Users\Elève\AppData\Roaming\JetBrains\IntelliJIdea2023.3\jdbc-drivers\MySQL ConnectorJ\8.0.25\com\google\protobuf\protobuf-java\3.11.4\protobuf-java-3.11.4.jar --add-exports=java.desktop/sun.awt=ALL-UNNAMED --add-exports=java.desktop/java.awt.peer=ALL-UNNAMED --add-opens=java.desktop/java.awt=ALL-UNNAMED --add-opens=jdk.unsupported/sun.misc=ALL-UNNAMED --add-opens=java.base/java.nio=ALL-UNNAMED --add-opens=java.base/java.util=ALL-UNNAMED -Dfile.encoding=UTF-8 com.intellij.database.remote.RemoteJdbcServer com.mysql.cj.jdbc.Driver

Host: Intel(R) Celeron(R) N4000 CPU @ 1.10GHz, 2 cores, 3G,  Windows 10 , 64 bit Build 18362 (10.0.18362.329)
Time: Wed May 22 18:35:13 2024 Paris, Madrid (heure d’été) elapsed time: 0.325882 seconds (0d 0h 0m 0s)

---------------  T H R E A D  ---------------

Current thread (0x000001ef5dd5cda0):  JavaThread "Unknown thread" [_thread_in_vm, id=19936, stack(0x00000065b8900000,0x00000065b8a00000)]

Stack: [0x00000065b8900000,0x00000065b8a00000]
Native frames: (J=compiled Java code, j=interpreted, Vv=VM code, C=native code)
V  [jvm.dll+0x688349]
V  [jvm.dll+0x841bfa]
V  [jvm.dll+0x84383e]
V  [jvm.dll+0x843ea3]
V  [jvm.dll+0x24bdef]
V  [jvm.dll+0x6850f9]
V  [jvm.dll+0x67988a]
V  [jvm.dll+0x30cbfb]
V  [jvm.dll+0x3140a6]
V  [jvm.dll+0x363ede]
V  [jvm.dll+0x36410f]
V  [jvm.dll+0x2e29c8]
V  [jvm.dll+0x2e3934]
V  [jvm.dll+0x812771]
V  [jvm.dll+0x371d41]
V  [jvm.dll+0x7f12bc]
V  [jvm.dll+0x3f59cf]
V  [jvm.dll+0x3f7601]
C  [jli.dll+0x528f]
C  [ucrtbase.dll+0x20e72]
C  [KERNEL32.DLL+0x17bd4]
C  [ntdll.dll+0x6ced1]


---------------  P R O C E S S  ---------------

Threads class SMR info:
_java_thread_list=0x00007fff5dd3df18, length=0, elements={
}

Java Threads: ( => current thread )

Other Threads:
  0x000001ef5ddb79e0 GCTaskThread "GC Thread#0" [stack: 0x00000065b8a00000,0x00000065b8b00000] [id=2692]
  0x000001ef5ddc8840 ConcurrentGCThread "G1 Main Marker" [stack: 0x00000065b8b00000,0x00000065b8c00000] [id=16260]
  0x000001ef5ddc9170 ConcurrentGCThread "G1 Conc#0" [stack: 0x00000065b8c00000,0x00000065b8d00000] [id=2760]

[error occurred during error reporting (printing all threads), id 0xc0000005, EXCEPTION_ACCESS_VIOLATION (0xc0000005) at pc=0x00007fff5d4f3597]

VM state: not at safepoint (not fully initialized)

VM Mutex/Monitor currently owned by a thread:  ([mutex/lock_event])
[0x000001ef5dd56360] Heap_lock - owner thread: 0x000001ef5dd5cda0

Heap address: 0x0000000080000000, size: 2048 MB, Compressed Oops mode: 32-bit

CDS archive(s) mapped at: [0x0000000000000000-0x0000000000000000-0x0000000000000000), size 0, SharedBaseAddress: 0x0000000800000000, ArchiveRelocationMode: 1.
Narrow klass base: 0x0000000000000000, Narrow klass shift: 0, Narrow klass range: 0x0

GC Precious Log:
<Empty>

Heap:
 garbage-first heap   total 0K, used 0K [0x0000000080000000, 0x0000000100000000)
  region size 1024K, 0 young (0K), 0 survivors (0K)
 Metaspace       used 0K, committed 0K, reserved 0K
  class space    used 0K, committed 0K, reserved 0K

Heap Regions: E=young(eden), S=young(survivor), O=old, HS=humongous(starts), HC=humongous(continues), CS=collection set, F=free, OA=open archive, CA=closed archive, TAMS=top-at-mark-start (previous, next)

Card table byte_map: [0x000001ef704d0000,0x000001ef708d0000] _byte_map_base: 0x000001ef700d0000

Marking Bits (Prev, Next): (CMBitMap*) 0x000001ef5ddb7f10, (CMBitMap*) 0x000001ef5ddb7f50
 Prev Bits: [0x000001ef70cd0000, 0x000001ef72cd0000)
 Next Bits: [0x000001ef72cd0000, 0x000001ef74cd0000)

GC Heap History (0 events):
No events

Dll operation events (1 events):
Event: 0.043 Loaded shared library C:\Program Files\JetBrains\IntelliJ IDEA 2023.3.3\jbr\bin\java.dll

Deoptimization events (0 events):
No events

Classes unloaded (0 events):
No events

Classes redefined (0 events):
No events

Internal exceptions (0 events):
No events

VM Operations (0 events):
No events

Events (0 events):
No events


Dynamic libraries:
0x00007ff70ef40000 - 0x00007ff70ef4a000 	C:\Program Files\JetBrains\IntelliJ IDEA 2023.3.3\jbr\bin\java.exe
0x00007fffc21a0000 - 0x00007fffc2390000 	C:\windows\SYSTEM32\ntdll.dll
0x00007fffc0470000 - 0x00007fffc0522000 	C:\windows\System32\KERNEL32.DLL
0x00007fffbf180000 - 0x00007fffbf423000 	C:\windows\System32\KERNELBASE.dll
0x00007fffbf460000 - 0x00007fffbf55a000 	C:\windows\System32\ucrtbase.dll
0x00007fff96460000 - 0x00007fff96477000 	C:\Program Files\JetBrains\IntelliJ IDEA 2023.3.3\jbr\bin\jli.dll
0x00007fffc11c0000 - 0x00007fffc1354000 	C:\windows\System32\USER32.dll
0x00007fffbf430000 - 0x00007fffbf451000 	C:\windows\System32\win32u.dll
0x00007fffc1bc0000 - 0x00007fffc1be6000 	C:\windows\System32\GDI32.dll
0x00007fffbf8d0000 - 0x00007fffbfa64000 	C:\windows\System32\gdi32full.dll
0x00007fffbf730000 - 0x00007fffbf7ce000 	C:\windows\System32\msvcp_win.dll
0x00007fffbdbf0000 - 0x00007fffbde75000 	C:\windows\WinSxS\amd64_microsoft.windows.common-controls_6595b64144ccf1df_6.0.18362.418_none_e6c6b287130d565d\COMCTL32.dll
0x00007fffc1b20000 - 0x00007fffc1bbe000 	C:\windows\System32\msvcrt.dll
0x00007fffc0d20000 - 0x00007fffc1056000 	C:\windows\System32\combase.dll
0x00007fffc1e10000 - 0x00007fffc1f30000 	C:\windows\System32\RPCRT4.dll
0x00007fffbf560000 - 0x00007fffbf5e0000 	C:\windows\System32\bcryptPrimitives.dll
0x00007fff92c10000 - 0x00007fff92c2b000 	C:\Program Files\JetBrains\IntelliJ IDEA 2023.3.3\jbr\bin\VCRUNTIME140.dll
0x00007fffc1d00000 - 0x00007fffc1d2e000 	C:\windows\System32\IMM32.DLL
0x00007fff92c00000 - 0x00007fff92c0c000 	C:\Program Files\JetBrains\IntelliJ IDEA 2023.3.3\jbr\bin\vcruntime140_1.dll
0x00007fff92b70000 - 0x00007fff92bfd000 	C:\Program Files\JetBrains\IntelliJ IDEA 2023.3.3\jbr\bin\msvcp140.dll
0x00007fff5d200000 - 0x00007fff5de82000 	C:\Program Files\JetBrains\IntelliJ IDEA 2023.3.3\jbr\bin\server\jvm.dll
0x00007fffc1c50000 - 0x00007fffc1cf3000 	C:\windows\System32\ADVAPI32.dll
0x00007fffc0c80000 - 0x00007fffc0d17000 	C:\windows\System32\sechost.dll
0x00007fffbf0c0000 - 0x00007fffbf10a000 	C:\windows\System32\POWRPROF.dll
0x00007fffbf070000 - 0x00007fffbf080000 	C:\windows\System32\UMPDC.dll
0x00007fffa6f10000 - 0x00007fffa6f19000 	C:\windows\SYSTEM32\WSOCK32.dll
0x00007fffc20f0000 - 0x00007fffc215f000 	C:\windows\System32\WS2_32.dll
0x00007fffbc420000 - 0x00007fffbc444000 	C:\windows\SYSTEM32\WINMM.dll
0x00007fffbc870000 - 0x00007fffbc87a000 	C:\windows\SYSTEM32\VERSION.dll
0x00007fffbc3f0000 - 0x00007fffbc41d000 	C:\windows\SYSTEM32\WINMMBASE.dll
0x00007fffbf130000 - 0x00007fffbf17a000 	C:\windows\System32\cfgmgr32.dll
0x00007fffbf0a0000 - 0x00007fffbf0b1000 	C:\windows\System32\kernel.appcore.dll
0x00007fffa1640000 - 0x00007fffa164a000 	C:\Program Files\JetBrains\IntelliJ IDEA 2023.3.3\jbr\bin\jimage.dll
0x00007fffbe990000 - 0x00007fffbeb84000 	C:\windows\SYSTEM32\DBGHELP.DLL
0x00007fffbe430000 - 0x00007fffbe45a000 	C:\windows\SYSTEM32\dbgcore.DLL
0x00007fff9ed40000 - 0x00007fff9ed65000 	C:\Program Files\JetBrains\IntelliJ IDEA 2023.3.3\jbr\bin\java.dll

dbghelp: loaded successfully - version: 4.0.5 - missing functions: none
symbol engine: initialized successfully - sym options: 0x614 - pdb path: .;C:\Program Files\JetBrains\IntelliJ IDEA 2023.3.3\jbr\bin;C:\windows\SYSTEM32;C:\windows\WinSxS\amd64_microsoft.windows.common-controls_6595b64144ccf1df_6.0.18362.418_none_e6c6b287130d565d;C:\Program Files\JetBrains\IntelliJ IDEA 2023.3.3\jbr\bin\server

VM Arguments:
jvm_args: -Djava.rmi.server.hostname=127.0.0.1 -Duser.timezone=UTC -Xmx2048m -Xms128m -Djdbc.classpath=C:\Program Files\JetBrains\IntelliJ IDEA 2023.3.3\plugins\DatabaseTools\lib\jdbc-console.jar;C:\Users\Elève\AppData\Roaming\JetBrains\IntelliJIdea2023.3\jdbc-drivers\MySQL ConnectorJ\8.0.25\mysql\mysql-connector-java\8.0.25\mysql-connector-java-8.0.25.jar;C:\Users\Elève\AppData\Roaming\JetBrains\IntelliJIdea2023.3\jdbc-drivers\MySQL ConnectorJ\8.0.25\com\google\protobuf\protobuf-java\3.11.4\protobuf-java-3.11.4.jar --add-exports=java.desktop/sun.awt=ALL-UNNAMED --add-exports=java.desktop/java.awt.peer=ALL-UNNAMED --add-opens=java.desktop/java.awt=ALL-UNNAMED --add-opens=jdk.unsupported/sun.misc=ALL-UNNAMED --add-opens=java.base/java.nio=ALL-UNNAMED --add-opens=java.base/java.util=ALL-UNNAMED -Dfile.encoding=UTF-8 
java_command: com.intellij.database.remote.RemoteJdbcServer com.mysql.cj.jdbc.Driver
java_class_path (initial): C:\Program Files\JetBrains\IntelliJ IDEA 2023.3.3\lib\util_rt.jar;C:\Program Files\JetBrains\IntelliJ IDEA 2023.3.3\lib\util-8.jar;C:\Program Files\JetBrains\IntelliJ IDEA 2023.3.3\lib\groovy.jar;C:\Program Files\JetBrains\IntelliJ IDEA 2023.3.3\plugins\DatabaseTools\lib\jdbc-console.jar;C:\Program Files\JetBrains\IntelliJ IDEA 2023.3.3\plugins\grid-core-impl\lib\jdbc-console-types.jar;C:\Program Files\JetBrains\IntelliJ IDEA 2023.3.3\lib\util.jar
Launcher Type: SUN_STANDARD

[Global flags]
     intx CICompilerCount                          = 2                                         {product} {ergonomic}
     uint ConcGCThreads                            = 1                                         {product} {ergonomic}
     uint G1ConcRefinementThreads                  = 2                                         {product} {ergonomic}
   size_t G1HeapRegionSize                         = 1048576                                   {product} {ergonomic}
    uintx GCDrainStackTargetSize                   = 64                                        {product} {ergonomic}
   size_t InitialHeapSize                          = 134217728                                 {product} {command line}
   size_t MarkStackSize                            = 4194304                                   {product} {ergonomic}
   size_t MaxHeapSize                              = 2147483648                                {product} {command line}
   size_t MinHeapDeltaBytes                        = 1048576                                   {product} {ergonomic}
   size_t MinHeapSize                              = 134217728                                 {product} {command line}
    uintx NonNMethodCodeHeapSize                   = 5826188                                {pd product} {ergonomic}
    uintx NonProfiledCodeHeapSize                  = 122916026                              {pd product} {ergonomic}
    uintx ProfiledCodeHeapSize                     = 122916026                              {pd product} {ergonomic}
    uintx ReservedCodeCacheSize                    = 251658240                              {pd product} {ergonomic}
     bool SegmentedCodeCache                       = true                                      {product} {ergonomic}
   size_t SoftMaxHeapSize                          = 2147483648                             {manageable} {ergonomic}
     bool UseCompressedClassPointers               = true                           {product lp64_product} {ergonomic}
     bool UseCompressedOops                        = true                           {product lp64_product} {ergonomic}
     bool UseG1GC                                  = true                                      {product} {ergonomic}
     bool UseLargePagesIndividualAllocation        = false                                  {pd product} {ergonomic}

Logging:
Log output configuration:
 #0: stdout all=warning uptime,level,tags
 #1: stderr all=off uptime,level,tags

Environment Variables:
PATH=C:\Program Files (x86)\Common Files\Oracle\Java\javapath;C:\windows\system32;C:\windows;C:\windows\System32\Wbem;C:\windows\System32\WindowsPowerShell\v1.0\;C:\windows\System32\OpenSSH\;C:\Program Files\PowerShell\7\;C:\Program Files\Git\cmd;C:\Program Files\nodejs\;C:\Program Files (x86)\apache-maven-3.9.6\bin;C:\Program Files (x86)\gradle-8.6\bin;C:\Users\Elève\scoop\shims;C:\Users\Elève\AppData\Local\Programs\Microsoft VS Code\bin;C:\PyCharm Community Edition 2021.3.3\bin;;C:\Users\Elève\mingw32\bin;C:\Program Files (x86)\php-8.3.0-Win32-vs16-x64;C:\Users\Elève\composer;C:\Users\Elève\AppData\Roaming\Composer\vendor\bin;C:\Program Files (x86)\Git;C:\Users\Elève\AppData\Roaming\npm;C:\Program Files\JetBrains\IntelliJ IDEA 2023.3.3\bin;;C:\Program Files\JetBrains\IntelliJ IDEA Community Edition 2023.3.2\bin;;C:\Program Files (x86)\gradle-8.6\bin;
USERNAME=Elève
OS=Windows_NT
PROCESSOR_IDENTIFIER=Intel64 Family 6 Model 122 Stepping 1, GenuineIntel
TMP=C:\Users\ELVE~1\AppData\Local\Temp
TEMP=C:\Users\ELVE~1\AppData\Local\Temp



Periodic native trim disabled

JNI global refs:
JNI global refs: 0, weak refs: 0

JNI global refs memory usage: 0, weak refs: 0

OOME stack traces (most recent first):
Classloader memory used:


---------------  S Y S T E M  ---------------

OS:
 Windows 10 , 64 bit Build 18362 (10.0.18362.329)
OS uptime: 12 days 13:57 hours

CPU: total 2 (initial active 2) (2 cores per cpu, 1 threads per core) family 6 model 122 stepping 1 microcode 0x32, cx8, cmov, fxsr, mmx, 3dnowpref, sse, sse2, sse3, ssse3, sse4.1, sse4.2, popcnt, tsc, tscinvbit, aes, erms, clmul, sha, clflush, clflushopt
Processor Information for all 2 processors :
  Max Mhz: 1101, Current Mhz: 1101, Mhz Limit: 1101

Memory: 4k page, system-wide physical 3696M (252M free)
TotalPageFile size 12530M (AvailPageFile size 35M)
current process WorkingSet (physical memory assigned to process): 10M, peak: 10M
current process commit charge ("private bytes"): 48M, peak: 175M

vm_info: OpenJDK 64-Bit Server VM (17.0.9+7-b1087.11) for windows-amd64 JRE (17.0.9+7-b1087.11), built on 2024-01-05 by "builduser" with MS VC++ 16.10 / 16.11 (VS2019)

END.
