#
# There is insufficient memory for the Java Runtime Environment to continue.
# Native memory allocation (malloc) failed to allocate 1640496 bytes for Chunk::new
# Possible reasons:
#   The system is out of physical RAM or swap space
#   The process is running with CompressedOops enabled, and the Java Heap may be blocking the growth of the native heap
# Possible solutions:
#   Reduce memory load on the system
#   Increase physical memory or swap space
#   Check if swap backing store is full
#   Decrease Java heap size (-Xmx/-Xms)
#   Decrease number of Java threads
#   Decrease Java thread stack sizes (-Xss)
#   Set larger code cache with -XX:ReservedCodeCacheSize=
#   JVM is running with Unscaled Compressed Oops mode in which the Java heap is
#     placed in the first 4GB address space. The Java Heap base address is the
#     maximum limit for the native heap growth. Please use -XX:HeapBaseMinAddress
#     to set the Java Heap base and to place the Java Heap above 4GB virtual address.
# This output file may be truncated or incomplete.
#
#  Out of Memory Error (arena.cpp:191), pid=11424, tid=12196
#
# JRE version: OpenJDK Runtime Environment JBR-17.0.9+7-1087.11-jcef (17.0.9+7) (build 17.0.9+7-b1087.11)
# Java VM: OpenJDK 64-Bit Server VM JBR-17.0.9+7-1087.11-jcef (17.0.9+7-b1087.11, mixed mode, tiered, compressed oops, compressed class ptrs, g1 gc, windows-amd64)
# No core dump will be written. Minidumps are not enabled by default on client versions of Windows
#

---------------  S U M M A R Y ------------

Command Line: -Djava.rmi.server.hostname=127.0.0.1 -Duser.timezone=UTC -Xmx2048m -Xms128m -Djdbc.classpath=C:\Program Files\JetBrains\IntelliJ IDEA 2023.3.3\plugins\DatabaseTools\lib\jdbc-console.jar;C:\Users\Elève\AppData\Roaming\JetBrains\IntelliJIdea2023.3\jdbc-drivers\MySQL ConnectorJ\8.0.25\mysql\mysql-connector-java\8.0.25\mysql-connector-java-8.0.25.jar;C:\Users\Elève\AppData\Roaming\JetBrains\IntelliJIdea2023.3\jdbc-drivers\MySQL ConnectorJ\8.0.25\com\google\protobuf\protobuf-java\3.11.4\protobuf-java-3.11.4.jar --add-exports=java.desktop/sun.awt=ALL-UNNAMED --add-exports=java.desktop/java.awt.peer=ALL-UNNAMED --add-opens=java.desktop/java.awt=ALL-UNNAMED --add-opens=jdk.unsupported/sun.misc=ALL-UNNAMED --add-opens=java.base/java.nio=ALL-UNNAMED --add-opens=java.base/java.util=ALL-UNNAMED -Dfile.encoding=UTF-8 com.intellij.database.remote.RemoteJdbcServer com.mysql.cj.jdbc.Driver

Host: Intel(R) Celeron(R) N4000 CPU @ 1.10GHz, 2 cores, 3G,  Windows 10 , 64 bit Build 18362 (10.0.18362.329)
Time: Wed May 22 18:38:24 2024 Paris, Madrid (heure d’été) elapsed time: 26.819496 seconds (0d 0h 0m 26s)

---------------  T H R E A D  ---------------

Current thread (0x000001f31e5088e0):  JavaThread "C2 CompilerThread0" daemon [_thread_in_native, id=12196, stack(0x000000ac00600000,0x000000ac00700000)]


Current CompileTask:
C2:  26819 1900       4       jdk.internal.org.objectweb.asm.Frame::execute (2305 bytes)

Stack: [0x000000ac00600000,0x000000ac00700000]
Native frames: (J=compiled Java code, j=interpreted, Vv=VM code, C=native code)
V  [jvm.dll+0x688349]
V  [jvm.dll+0x841bfa]
V  [jvm.dll+0x84383e]
V  [jvm.dll+0x843ea3]
V  [jvm.dll+0x24bdef]
V  [jvm.dll+0xac44c]
V  [jvm.dll+0xaca9c]
V  [jvm.dll+0x36be22]
V  [jvm.dll+0x33619a]
V  [jvm.dll+0x33563a]
V  [jvm.dll+0x21da61]
V  [jvm.dll+0x21ce81]
V  [jvm.dll+0x1a66dd]
V  [jvm.dll+0x22cd28]
V  [jvm.dll+0x22ae60]
V  [jvm.dll+0x7f6087]
V  [jvm.dll+0x7f043a]
V  [jvm.dll+0x6871c5]
C  [ucrtbase.dll+0x20e72]
C  [KERNEL32.DLL+0x17bd4]
C  [ntdll.dll+0x6ced1]


---------------  P R O C E S S  ---------------

Threads class SMR info:
_java_thread_list=0x000001f31e8bf4d0, length=23, elements={
0x000001f304fcbf90, 0x000001f31e3a3250, 0x000001f31e3a5790, 0x000001f31e3a8930,
0x000001f31e3911d0, 0x000001f31e505400, 0x000001f31e507ce0, 0x000001f31e5088e0,
0x000001f31e5568e0, 0x000001f31e3ab5c0, 0x000001f31e672990, 0x000001f31e674e80,
0x000001f31e7b4300, 0x000001f323099810, 0x000001f323096060, 0x000001f3230974a0,
0x000001f323098df0, 0x000001f323096570, 0x000001f323096a80, 0x000001f323099300,
0x000001f323096f90, 0x000001f3230979b0, 0x000001f323097ec0
}

Java Threads: ( => current thread )
  0x000001f304fcbf90 JavaThread "main" [_thread_blocked, id=17972, stack(0x000000ac7f900000,0x000000ac7fa00000)]
  0x000001f31e3a3250 JavaThread "Reference Handler" daemon [_thread_blocked, id=7308, stack(0x000000ac00000000,0x000000ac00100000)]
  0x000001f31e3a5790 JavaThread "Finalizer" daemon [_thread_blocked, id=15848, stack(0x000000ac00100000,0x000000ac00200000)]
  0x000001f31e3a8930 JavaThread "Signal Dispatcher" daemon [_thread_blocked, id=19048, stack(0x000000ac00200000,0x000000ac00300000)]
  0x000001f31e3911d0 JavaThread "Attach Listener" daemon [_thread_blocked, id=18008, stack(0x000000ac00300000,0x000000ac00400000)]
  0x000001f31e505400 JavaThread "Service Thread" daemon [_thread_blocked, id=12260, stack(0x000000ac00400000,0x000000ac00500000)]
  0x000001f31e507ce0 JavaThread "Monitor Deflation Thread" daemon [_thread_blocked, id=11344, stack(0x000000ac00500000,0x000000ac00600000)]
=>0x000001f31e5088e0 JavaThread "C2 CompilerThread0" daemon [_thread_in_native, id=12196, stack(0x000000ac00600000,0x000000ac00700000)]
  0x000001f31e5568e0 JavaThread "C1 CompilerThread0" daemon [_thread_blocked, id=13180, stack(0x000000ac00700000,0x000000ac00800000)]
  0x000001f31e3ab5c0 JavaThread "Sweeper thread" daemon [_thread_blocked, id=15184, stack(0x000000ac00800000,0x000000ac00900000)]
  0x000001f31e672990 JavaThread "Common-Cleaner" daemon [_thread_blocked, id=8672, stack(0x000000ac00900000,0x000000ac00a00000)]
  0x000001f31e674e80 JavaThread "Notification Thread" daemon [_thread_blocked, id=3380, stack(0x000000ac00a00000,0x000000ac00b00000)]
  0x000001f31e7b4300 JavaThread "mysql-cj-abandoned-connection-cleanup" daemon [_thread_blocked, id=8848, stack(0x000000ac00c00000,0x000000ac00d00000)]
  0x000001f323099810 JavaThread "RMI TCP Accept-19093" daemon [_thread_in_native, id=8852, stack(0x000000ac00d00000,0x000000ac00e00000)]
  0x000001f323096060 JavaThread "RMI TCP Accept-0" daemon [_thread_in_native, id=10860, stack(0x000000ac00e00000,0x000000ac00f00000)]
  0x000001f3230974a0 JavaThread "RMI Reaper" [_thread_blocked, id=20004, stack(0x000000ac00f00000,0x000000ac01000000)]
  0x000001f323098df0 JavaThread "RMI GC Daemon" daemon [_thread_blocked, id=18580, stack(0x000000ac01000000,0x000000ac01100000)]
  0x000001f323096570 JavaThread "RMI TCP Connection(1)-127.0.0.1" daemon [_thread_in_native, id=10216, stack(0x000000ac01300000,0x000000ac01400000)]
  0x000001f323096a80 JavaThread "RMI TCP Connection(2)-127.0.0.1" daemon [_thread_in_native, id=19008, stack(0x000000ac01400000,0x000000ac01500000)]
  0x000001f323099300 JavaThread "RMI TCP Connection(3)-127.0.0.1" daemon [_thread_in_native, id=11816, stack(0x000000ac01500000,0x000000ac01600000)]
  0x000001f323096f90 JavaThread "RMI Scheduler(0)" daemon [_thread_blocked, id=18060, stack(0x000000ac01600000,0x000000ac01700000)]
  0x000001f3230979b0 JavaThread "RMI TCP Connection(4)-127.0.0.1" daemon [_thread_in_vm, id=1212, stack(0x000000ac01700000,0x000000ac01800000)]
  0x000001f323097ec0 JavaThread "RMI RenewClean-[127.0.0.1:63800]" daemon [_thread_blocked, id=12716, stack(0x000000ac01800000,0x000000ac01900000)]

Other Threads:
  0x000001f31e37fb50 VMThread "VM Thread" [stack: 0x000000ac7ff00000,0x000000ac80000000] [id=19804]
  0x000001f31e675770 WatcherThread [stack: 0x000000ac00b00000,0x000000ac00c00000] [id=16068]
  0x000001f305026a90 GCTaskThread "GC Thread#0" [stack: 0x000000ac7fa00000,0x000000ac7fb00000] [id=10756]
  0x000001f31e81edb0 GCTaskThread "GC Thread#1" [stack: 0x000000ac01100000,0x000000ac01200000] [id=11800]
  0x000001f3050378f0 ConcurrentGCThread "G1 Main Marker" [stack: 0x000000ac7fb00000,0x000000ac7fc00000] [id=2212]
  0x000001f305038230 ConcurrentGCThread "G1 Conc#0" [stack: 0x000000ac7fc00000,0x000000ac7fd00000] [id=20100]
  0x000001f30507e750 ConcurrentGCThread "G1 Refine#0" [stack: 0x000000ac7fd00000,0x000000ac7fe00000] [id=14040]
  0x000001f31e81f070 ConcurrentGCThread "G1 Refine#1" [stack: 0x000000ac01200000,0x000000ac01300000] [id=12624]
  0x000001f31e1d8240 ConcurrentGCThread "G1 Service" [stack: 0x000000ac7fe00000,0x000000ac7ff00000] [id=10556]

Threads with active compile tasks:
C2 CompilerThread0    26927 1900       4       jdk.internal.org.objectweb.asm.Frame::execute (2305 bytes)

VM state: not at safepoint (normal execution)

VM Mutex/Monitor currently owned by a thread:  ([mutex/lock_event])
[0x000001f304fc6ab0] CompiledIC_lock - owner thread: 0x000001f3230979b0

Heap address: 0x0000000080000000, size: 2048 MB, Compressed Oops mode: 32-bit

CDS archive(s) not mapped
Compressed class space mapped at: 0x0000000100000000-0x0000000140000000, reserved size: 1073741824
Narrow klass base: 0x0000000000000000, Narrow klass shift: 3, Narrow klass range: 0x140000000

GC Precious Log:
 CPUs: 2 total, 2 available
 Memory: 3696M
 Large Page Support: Disabled
 NUMA Support: Disabled
 Compressed Oops: Enabled (32-bit)
 Heap Region Size: 1M
 Heap Min Capacity: 128M
 Heap Initial Capacity: 128M
 Heap Max Capacity: 2G
 Pre-touch: Disabled
 Parallel Workers: 2
 Concurrent Workers: 1
 Concurrent Refinement Workers: 2
 Periodic GC: Disabled

Heap:
 garbage-first heap   total 131072K, used 17856K [0x0000000080000000, 0x0000000100000000)
  region size 1024K, 13 young (13312K), 3 survivors (3072K)
 Metaspace       used 23762K, committed 24064K, reserved 1114112K
  class space    used 2528K, committed 2688K, reserved 1048576K

Heap Regions: E=young(eden), S=young(survivor), O=old, HS=humongous(starts), HC=humongous(continues), CS=collection set, F=free, OA=open archive, CA=closed archive, TAMS=top-at-mark-start (previous, next)
|   0|0x0000000080000000, 0x0000000080100000, 0x0000000080100000|100%|HS|  |TAMS 0x0000000080100000, 0x0000000080000000| Complete 
|   1|0x0000000080100000, 0x0000000080200000, 0x0000000080200000|100%|HC|  |TAMS 0x0000000080200000, 0x0000000080100000| Complete 
|   2|0x0000000080200000, 0x0000000080300000, 0x0000000080300000|100%|HC|  |TAMS 0x0000000080300000, 0x0000000080200000| Complete 
|   3|0x0000000080300000, 0x0000000080400000, 0x0000000080400000|100%| O|  |TAMS 0x0000000080400000, 0x0000000080300000| Untracked 
|   4|0x0000000080400000, 0x0000000080500000, 0x0000000080500000|100%| O|  |TAMS 0x0000000080500000, 0x0000000080400000| Untracked 
|   5|0x0000000080500000, 0x0000000080600000, 0x0000000080600000|100%| O|  |TAMS 0x0000000080600000, 0x0000000080500000| Untracked 
|   6|0x0000000080600000, 0x0000000080623600, 0x0000000080700000| 13%| O|  |TAMS 0x0000000080623600, 0x0000000080600000| Untracked 
|   7|0x0000000080700000, 0x0000000080700000, 0x0000000080800000|  0%| F|  |TAMS 0x0000000080700000, 0x0000000080700000| Untracked 
|   8|0x0000000080800000, 0x0000000080800000, 0x0000000080900000|  0%| F|  |TAMS 0x0000000080800000, 0x0000000080800000| Untracked 
|   9|0x0000000080900000, 0x0000000080900000, 0x0000000080a00000|  0%| F|  |TAMS 0x0000000080900000, 0x0000000080900000| Untracked 
|  10|0x0000000080a00000, 0x0000000080a00000, 0x0000000080b00000|  0%| F|  |TAMS 0x0000000080a00000, 0x0000000080a00000| Untracked 
|  11|0x0000000080b00000, 0x0000000080b00000, 0x0000000080c00000|  0%| F|  |TAMS 0x0000000080b00000, 0x0000000080b00000| Untracked 
|  12|0x0000000080c00000, 0x0000000080c00000, 0x0000000080d00000|  0%| F|  |TAMS 0x0000000080c00000, 0x0000000080c00000| Untracked 
|  13|0x0000000080d00000, 0x0000000080d00000, 0x0000000080e00000|  0%| F|  |TAMS 0x0000000080d00000, 0x0000000080d00000| Untracked 
|  14|0x0000000080e00000, 0x0000000080e00000, 0x0000000080f00000|  0%| F|  |TAMS 0x0000000080e00000, 0x0000000080e00000| Untracked 
|  15|0x0000000080f00000, 0x0000000080f00000, 0x0000000081000000|  0%| F|  |TAMS 0x0000000080f00000, 0x0000000080f00000| Untracked 
|  16|0x0000000081000000, 0x0000000081000000, 0x0000000081100000|  0%| F|  |TAMS 0x0000000081000000, 0x0000000081000000| Untracked 
|  17|0x0000000081100000, 0x0000000081100000, 0x0000000081200000|  0%| F|  |TAMS 0x0000000081100000, 0x0000000081100000| Untracked 
|  18|0x0000000081200000, 0x0000000081200000, 0x0000000081300000|  0%| F|  |TAMS 0x0000000081200000, 0x0000000081200000| Untracked 
|  19|0x0000000081300000, 0x0000000081300000, 0x0000000081400000|  0%| F|  |TAMS 0x0000000081300000, 0x0000000081300000| Untracked 
|  20|0x0000000081400000, 0x0000000081400000, 0x0000000081500000|  0%| F|  |TAMS 0x0000000081400000, 0x0000000081400000| Untracked 
|  21|0x0000000081500000, 0x0000000081500000, 0x0000000081600000|  0%| F|  |TAMS 0x0000000081500000, 0x0000000081500000| Untracked 
|  22|0x0000000081600000, 0x0000000081600000, 0x0000000081700000|  0%| F|  |TAMS 0x0000000081600000, 0x0000000081600000| Untracked 
|  23|0x0000000081700000, 0x0000000081700000, 0x0000000081800000|  0%| F|  |TAMS 0x0000000081700000, 0x0000000081700000| Untracked 
|  24|0x0000000081800000, 0x0000000081800000, 0x0000000081900000|  0%| F|  |TAMS 0x0000000081800000, 0x0000000081800000| Untracked 
|  25|0x0000000081900000, 0x0000000081900000, 0x0000000081a00000|  0%| F|  |TAMS 0x0000000081900000, 0x0000000081900000| Untracked 
|  26|0x0000000081a00000, 0x0000000081a00000, 0x0000000081b00000|  0%| F|  |TAMS 0x0000000081a00000, 0x0000000081a00000| Untracked 
|  27|0x0000000081b00000, 0x0000000081b00000, 0x0000000081c00000|  0%| F|  |TAMS 0x0000000081b00000, 0x0000000081b00000| Untracked 
|  28|0x0000000081c00000, 0x0000000081c00000, 0x0000000081d00000|  0%| F|  |TAMS 0x0000000081c00000, 0x0000000081c00000| Untracked 
|  29|0x0000000081d00000, 0x0000000081d00000, 0x0000000081e00000|  0%| F|  |TAMS 0x0000000081d00000, 0x0000000081d00000| Untracked 
|  30|0x0000000081e00000, 0x0000000081e00000, 0x0000000081f00000|  0%| F|  |TAMS 0x0000000081e00000, 0x0000000081e00000| Untracked 
|  31|0x0000000081f00000, 0x0000000081f00000, 0x0000000082000000|  0%| F|  |TAMS 0x0000000081f00000, 0x0000000081f00000| Untracked 
|  32|0x0000000082000000, 0x0000000082000000, 0x0000000082100000|  0%| F|  |TAMS 0x0000000082000000, 0x0000000082000000| Untracked 
|  33|0x0000000082100000, 0x0000000082100000, 0x0000000082200000|  0%| F|  |TAMS 0x0000000082100000, 0x0000000082100000| Untracked 
|  34|0x0000000082200000, 0x0000000082200000, 0x0000000082300000|  0%| F|  |TAMS 0x0000000082200000, 0x0000000082200000| Untracked 
|  35|0x0000000082300000, 0x0000000082300000, 0x0000000082400000|  0%| F|  |TAMS 0x0000000082300000, 0x0000000082300000| Untracked 
|  36|0x0000000082400000, 0x0000000082400000, 0x0000000082500000|  0%| F|  |TAMS 0x0000000082400000, 0x0000000082400000| Untracked 
|  37|0x0000000082500000, 0x0000000082500000, 0x0000000082600000|  0%| F|  |TAMS 0x0000000082500000, 0x0000000082500000| Untracked 
|  38|0x0000000082600000, 0x0000000082600000, 0x0000000082700000|  0%| F|  |TAMS 0x0000000082600000, 0x0000000082600000| Untracked 
|  39|0x0000000082700000, 0x0000000082700000, 0x0000000082800000|  0%| F|  |TAMS 0x0000000082700000, 0x0000000082700000| Untracked 
|  40|0x0000000082800000, 0x0000000082800000, 0x0000000082900000|  0%| F|  |TAMS 0x0000000082800000, 0x0000000082800000| Untracked 
|  41|0x0000000082900000, 0x0000000082900000, 0x0000000082a00000|  0%| F|  |TAMS 0x0000000082900000, 0x0000000082900000| Untracked 
|  42|0x0000000082a00000, 0x0000000082a00000, 0x0000000082b00000|  0%| F|  |TAMS 0x0000000082a00000, 0x0000000082a00000| Untracked 
|  43|0x0000000082b00000, 0x0000000082b00000, 0x0000000082c00000|  0%| F|  |TAMS 0x0000000082b00000, 0x0000000082b00000| Untracked 
|  44|0x0000000082c00000, 0x0000000082c00000, 0x0000000082d00000|  0%| F|  |TAMS 0x0000000082c00000, 0x0000000082c00000| Untracked 
|  45|0x0000000082d00000, 0x0000000082d00000, 0x0000000082e00000|  0%| F|  |TAMS 0x0000000082d00000, 0x0000000082d00000| Untracked 
|  46|0x0000000082e00000, 0x0000000082e00000, 0x0000000082f00000|  0%| F|  |TAMS 0x0000000082e00000, 0x0000000082e00000| Untracked 
|  47|0x0000000082f00000, 0x0000000082f00000, 0x0000000083000000|  0%| F|  |TAMS 0x0000000082f00000, 0x0000000082f00000| Untracked 
|  48|0x0000000083000000, 0x0000000083000000, 0x0000000083100000|  0%| F|  |TAMS 0x0000000083000000, 0x0000000083000000| Untracked 
|  49|0x0000000083100000, 0x0000000083100000, 0x0000000083200000|  0%| F|  |TAMS 0x0000000083100000, 0x0000000083100000| Untracked 
|  50|0x0000000083200000, 0x0000000083200000, 0x0000000083300000|  0%| F|  |TAMS 0x0000000083200000, 0x0000000083200000| Untracked 
|  51|0x0000000083300000, 0x0000000083300000, 0x0000000083400000|  0%| F|  |TAMS 0x0000000083300000, 0x0000000083300000| Untracked 
|  52|0x0000000083400000, 0x0000000083400000, 0x0000000083500000|  0%| F|  |TAMS 0x0000000083400000, 0x0000000083400000| Untracked 
|  53|0x0000000083500000, 0x0000000083500000, 0x0000000083600000|  0%| F|  |TAMS 0x0000000083500000, 0x0000000083500000| Untracked 
|  54|0x0000000083600000, 0x0000000083600000, 0x0000000083700000|  0%| F|  |TAMS 0x0000000083600000, 0x0000000083600000| Untracked 
|  55|0x0000000083700000, 0x0000000083700000, 0x0000000083800000|  0%| F|  |TAMS 0x0000000083700000, 0x0000000083700000| Untracked 
|  56|0x0000000083800000, 0x0000000083800000, 0x0000000083900000|  0%| F|  |TAMS 0x0000000083800000, 0x0000000083800000| Untracked 
|  57|0x0000000083900000, 0x0000000083900000, 0x0000000083a00000|  0%| F|  |TAMS 0x0000000083900000, 0x0000000083900000| Untracked 
|  58|0x0000000083a00000, 0x0000000083a00000, 0x0000000083b00000|  0%| F|  |TAMS 0x0000000083a00000, 0x0000000083a00000| Untracked 
|  59|0x0000000083b00000, 0x0000000083b00000, 0x0000000083c00000|  0%| F|  |TAMS 0x0000000083b00000, 0x0000000083b00000| Untracked 
|  60|0x0000000083c00000, 0x0000000083c00000, 0x0000000083d00000|  0%| F|  |TAMS 0x0000000083c00000, 0x0000000083c00000| Untracked 
|  61|0x0000000083d00000, 0x0000000083d00000, 0x0000000083e00000|  0%| F|  |TAMS 0x0000000083d00000, 0x0000000083d00000| Untracked 
|  62|0x0000000083e00000, 0x0000000083e00000, 0x0000000083f00000|  0%| F|  |TAMS 0x0000000083e00000, 0x0000000083e00000| Untracked 
|  63|0x0000000083f00000, 0x0000000083f00000, 0x0000000084000000|  0%| F|  |TAMS 0x0000000083f00000, 0x0000000083f00000| Untracked 
|  64|0x0000000084000000, 0x0000000084000000, 0x0000000084100000|  0%| F|  |TAMS 0x0000000084000000, 0x0000000084000000| Untracked 
|  65|0x0000000084100000, 0x0000000084100000, 0x0000000084200000|  0%| F|  |TAMS 0x0000000084100000, 0x0000000084100000| Untracked 
|  66|0x0000000084200000, 0x0000000084200000, 0x0000000084300000|  0%| F|  |TAMS 0x0000000084200000, 0x0000000084200000| Untracked 
|  67|0x0000000084300000, 0x0000000084300000, 0x0000000084400000|  0%| F|  |TAMS 0x0000000084300000, 0x0000000084300000| Untracked 
|  68|0x0000000084400000, 0x0000000084400000, 0x0000000084500000|  0%| F|  |TAMS 0x0000000084400000, 0x0000000084400000| Untracked 
|  69|0x0000000084500000, 0x0000000084500000, 0x0000000084600000|  0%| F|  |TAMS 0x0000000084500000, 0x0000000084500000| Untracked 
|  70|0x0000000084600000, 0x0000000084600000, 0x0000000084700000|  0%| F|  |TAMS 0x0000000084600000, 0x0000000084600000| Untracked 
|  71|0x0000000084700000, 0x0000000084700000, 0x0000000084800000|  0%| F|  |TAMS 0x0000000084700000, 0x0000000084700000| Untracked 
|  72|0x0000000084800000, 0x0000000084800000, 0x0000000084900000|  0%| F|  |TAMS 0x0000000084800000, 0x0000000084800000| Untracked 
|  73|0x0000000084900000, 0x0000000084900000, 0x0000000084a00000|  0%| F|  |TAMS 0x0000000084900000, 0x0000000084900000| Untracked 
|  74|0x0000000084a00000, 0x0000000084a00000, 0x0000000084b00000|  0%| F|  |TAMS 0x0000000084a00000, 0x0000000084a00000| Untracked 
|  75|0x0000000084b00000, 0x0000000084b00000, 0x0000000084c00000|  0%| F|  |TAMS 0x0000000084b00000, 0x0000000084b00000| Untracked 
|  76|0x0000000084c00000, 0x0000000084c00000, 0x0000000084d00000|  0%| F|  |TAMS 0x0000000084c00000, 0x0000000084c00000| Untracked 
|  77|0x0000000084d00000, 0x0000000084d00000, 0x0000000084e00000|  0%| F|  |TAMS 0x0000000084d00000, 0x0000000084d00000| Untracked 
|  78|0x0000000084e00000, 0x0000000084e00000, 0x0000000084f00000|  0%| F|  |TAMS 0x0000000084e00000, 0x0000000084e00000| Untracked 
|  79|0x0000000084f00000, 0x0000000084f00000, 0x0000000085000000|  0%| F|  |TAMS 0x0000000084f00000, 0x0000000084f00000| Untracked 
|  80|0x0000000085000000, 0x0000000085000000, 0x0000000085100000|  0%| F|  |TAMS 0x0000000085000000, 0x0000000085000000| Untracked 
|  81|0x0000000085100000, 0x0000000085100000, 0x0000000085200000|  0%| F|  |TAMS 0x0000000085100000, 0x0000000085100000| Untracked 
|  82|0x0000000085200000, 0x0000000085200000, 0x0000000085300000|  0%| F|  |TAMS 0x0000000085200000, 0x0000000085200000| Untracked 
|  83|0x0000000085300000, 0x0000000085300000, 0x0000000085400000|  0%| F|  |TAMS 0x0000000085300000, 0x0000000085300000| Untracked 
|  84|0x0000000085400000, 0x0000000085400000, 0x0000000085500000|  0%| F|  |TAMS 0x0000000085400000, 0x0000000085400000| Untracked 
|  85|0x0000000085500000, 0x0000000085500000, 0x0000000085600000|  0%| F|  |TAMS 0x0000000085500000, 0x0000000085500000| Untracked 
|  86|0x0000000085600000, 0x0000000085600000, 0x0000000085700000|  0%| F|  |TAMS 0x0000000085600000, 0x0000000085600000| Untracked 
|  87|0x0000000085700000, 0x0000000085700000, 0x0000000085800000|  0%| F|  |TAMS 0x0000000085700000, 0x0000000085700000| Untracked 
|  88|0x0000000085800000, 0x0000000085800000, 0x0000000085900000|  0%| F|  |TAMS 0x0000000085800000, 0x0000000085800000| Untracked 
|  89|0x0000000085900000, 0x0000000085900000, 0x0000000085a00000|  0%| F|  |TAMS 0x0000000085900000, 0x0000000085900000| Untracked 
|  90|0x0000000085a00000, 0x0000000085a00000, 0x0000000085b00000|  0%| F|  |TAMS 0x0000000085a00000, 0x0000000085a00000| Untracked 
|  91|0x0000000085b00000, 0x0000000085b00000, 0x0000000085c00000|  0%| F|  |TAMS 0x0000000085b00000, 0x0000000085b00000| Untracked 
|  92|0x0000000085c00000, 0x0000000085c00000, 0x0000000085d00000|  0%| F|  |TAMS 0x0000000085c00000, 0x0000000085c00000| Untracked 
|  93|0x0000000085d00000, 0x0000000085d00000, 0x0000000085e00000|  0%| F|  |TAMS 0x0000000085d00000, 0x0000000085d00000| Untracked 
|  94|0x0000000085e00000, 0x0000000085e00000, 0x0000000085f00000|  0%| F|  |TAMS 0x0000000085e00000, 0x0000000085e00000| Untracked 
|  95|0x0000000085f00000, 0x0000000085f00000, 0x0000000086000000|  0%| F|  |TAMS 0x0000000085f00000, 0x0000000085f00000| Untracked 
|  96|0x0000000086000000, 0x0000000086000000, 0x0000000086100000|  0%| F|  |TAMS 0x0000000086000000, 0x0000000086000000| Untracked 
|  97|0x0000000086100000, 0x0000000086100000, 0x0000000086200000|  0%| F|  |TAMS 0x0000000086100000, 0x0000000086100000| Untracked 
|  98|0x0000000086200000, 0x0000000086200000, 0x0000000086300000|  0%| F|  |TAMS 0x0000000086200000, 0x0000000086200000| Untracked 
|  99|0x0000000086300000, 0x0000000086300000, 0x0000000086400000|  0%| F|  |TAMS 0x0000000086300000, 0x0000000086300000| Untracked 
| 100|0x0000000086400000, 0x0000000086400000, 0x0000000086500000|  0%| F|  |TAMS 0x0000000086400000, 0x0000000086400000| Untracked 
| 101|0x0000000086500000, 0x0000000086500000, 0x0000000086600000|  0%| F|  |TAMS 0x0000000086500000, 0x0000000086500000| Untracked 
| 102|0x0000000086600000, 0x0000000086600000, 0x0000000086700000|  0%| F|  |TAMS 0x0000000086600000, 0x0000000086600000| Untracked 
| 103|0x0000000086700000, 0x0000000086700000, 0x0000000086800000|  0%| F|  |TAMS 0x0000000086700000, 0x0000000086700000| Untracked 
| 104|0x0000000086800000, 0x0000000086800000, 0x0000000086900000|  0%| F|  |TAMS 0x0000000086800000, 0x0000000086800000| Untracked 
| 105|0x0000000086900000, 0x0000000086900000, 0x0000000086a00000|  0%| F|  |TAMS 0x0000000086900000, 0x0000000086900000| Untracked 
| 106|0x0000000086a00000, 0x0000000086a00000, 0x0000000086b00000|  0%| F|  |TAMS 0x0000000086a00000, 0x0000000086a00000| Untracked 
| 107|0x0000000086b00000, 0x0000000086b00000, 0x0000000086c00000|  0%| F|  |TAMS 0x0000000086b00000, 0x0000000086b00000| Untracked 
| 108|0x0000000086c00000, 0x0000000086c00000, 0x0000000086d00000|  0%| F|  |TAMS 0x0000000086c00000, 0x0000000086c00000| Untracked 
| 109|0x0000000086d00000, 0x0000000086d00000, 0x0000000086e00000|  0%| F|  |TAMS 0x0000000086d00000, 0x0000000086d00000| Untracked 
| 110|0x0000000086e00000, 0x0000000086e00000, 0x0000000086f00000|  0%| F|  |TAMS 0x0000000086e00000, 0x0000000086e00000| Untracked 
| 111|0x0000000086f00000, 0x0000000086f00000, 0x0000000087000000|  0%| F|  |TAMS 0x0000000086f00000, 0x0000000086f00000| Untracked 
| 112|0x0000000087000000, 0x0000000087000000, 0x0000000087100000|  0%| F|  |TAMS 0x0000000087000000, 0x0000000087000000| Untracked 
| 113|0x0000000087100000, 0x0000000087100000, 0x0000000087200000|  0%| F|  |TAMS 0x0000000087100000, 0x0000000087100000| Untracked 
| 114|0x0000000087200000, 0x0000000087200000, 0x0000000087300000|  0%| F|  |TAMS 0x0000000087200000, 0x0000000087200000| Untracked 
| 115|0x0000000087300000, 0x0000000087400000, 0x0000000087400000|100%| E|  |TAMS 0x0000000087300000, 0x0000000087300000| Complete 
| 116|0x0000000087400000, 0x0000000087500000, 0x0000000087500000|100%| E|CS|TAMS 0x0000000087400000, 0x0000000087400000| Complete 
| 117|0x0000000087500000, 0x0000000087600000, 0x0000000087600000|100%| E|CS|TAMS 0x0000000087500000, 0x0000000087500000| Complete 
| 118|0x0000000087600000, 0x0000000087700000, 0x0000000087700000|100%| E|CS|TAMS 0x0000000087600000, 0x0000000087600000| Complete 
| 119|0x0000000087700000, 0x0000000087800000, 0x0000000087800000|100%| E|CS|TAMS 0x0000000087700000, 0x0000000087700000| Complete 
| 120|0x0000000087800000, 0x0000000087900000, 0x0000000087900000|100%| E|CS|TAMS 0x0000000087800000, 0x0000000087800000| Complete 
| 121|0x0000000087900000, 0x0000000087a00000, 0x0000000087a00000|100%| E|CS|TAMS 0x0000000087900000, 0x0000000087900000| Complete 
| 122|0x0000000087a00000, 0x0000000087b00000, 0x0000000087b00000|100%| E|CS|TAMS 0x0000000087a00000, 0x0000000087a00000| Complete 
| 123|0x0000000087b00000, 0x0000000087b4cad0, 0x0000000087c00000| 29%| S|CS|TAMS 0x0000000087b00000, 0x0000000087b00000| Complete 
| 124|0x0000000087c00000, 0x0000000087d00000, 0x0000000087d00000|100%| S|CS|TAMS 0x0000000087c00000, 0x0000000087c00000| Complete 
| 125|0x0000000087d00000, 0x0000000087e00000, 0x0000000087e00000|100%| S|CS|TAMS 0x0000000087d00000, 0x0000000087d00000| Complete 
| 126|0x0000000087e00000, 0x0000000087f00000, 0x0000000087f00000|100%| E|CS|TAMS 0x0000000087e00000, 0x0000000087e00000| Complete 
| 127|0x0000000087f00000, 0x0000000088000000, 0x0000000088000000|100%| E|CS|TAMS 0x0000000087f00000, 0x0000000087f00000| Complete 

Card table byte_map: [0x000001f317740000,0x000001f317b40000] _byte_map_base: 0x000001f317340000

Marking Bits (Prev, Next): (CMBitMap*) 0x000001f305027000, (CMBitMap*) 0x000001f305026fc0
 Prev Bits: [0x000001f319f40000, 0x000001f31bf40000)
 Next Bits: [0x000001f317f40000, 0x000001f319f40000)

Polling page: 0x000001f302fa0000

Metaspace:

Usage:
  Non-class:     20.74 MB used.
      Class:      2.47 MB used.
       Both:     23.21 MB used.

Virtual space:
  Non-class space:       64.00 MB reserved,      20.88 MB ( 33%) committed,  1 nodes.
      Class space:        1.00 GB reserved,       2.63 MB ( <1%) committed,  1 nodes.
             Both:        1.06 GB reserved,      23.50 MB (  2%) committed. 

Chunk freelists:
   Non-Class:  11.09 MB
       Class:  13.40 MB
        Both:  24.49 MB

MaxMetaspaceSize: unlimited
CompressedClassSpaceSize: 1.00 GB
Initial GC threshold: 21.00 MB
Current GC threshold: 35.13 MB
CDS: off
MetaspaceReclaimPolicy: balanced
 - commit_granule_bytes: 65536.
 - commit_granule_words: 8192.
 - virtual_space_node_default_size: 8388608.
 - enlarge_chunks_in_place: 1.
 - new_chunks_are_fully_committed: 0.
 - uncommit_free_chunks: 1.
 - use_allocation_guard: 0.
 - handle_deallocations: 1.


Internal statistics:

num_allocs_failed_limit: 3.
num_arena_births: 274.
num_arena_deaths: 0.
num_vsnodes_births: 2.
num_vsnodes_deaths: 0.
num_space_committed: 376.
num_space_uncommitted: 0.
num_chunks_returned_to_freelist: 3.
num_chunks_taken_from_freelist: 646.
num_chunk_merges: 0.
num_chunk_splits: 384.
num_chunks_enlarged: 204.
num_inconsistent_stats: 0.

CodeHeap 'non-profiled nmethods': size=120064Kb used=648Kb max_used=648Kb free=119415Kb
 bounds [0x000001f310200000, 0x000001f310470000, 0x000001f317740000]
CodeHeap 'profiled nmethods': size=120000Kb used=3747Kb max_used=3747Kb free=116253Kb
 bounds [0x000001f308740000, 0x000001f308af0000, 0x000001f30fc70000]
CodeHeap 'non-nmethods': size=5696Kb used=1234Kb max_used=1267Kb free=4461Kb
 bounds [0x000001f30fc70000, 0x000001f30fee0000, 0x000001f310200000]
 total_blobs=2470 nmethods=1924 adapters=460
 compilation: enabled
              stopped_count=0, restarted_count=0
 full_count=0

Compilation events (20 events):
Event: 26.779 Thread 0x000001f31e5568e0 nmethod 1915 0x000001f308ad4d10 code [0x000001f308ad4ee0, 0x000001f308ad5258]
Event: 26.780 Thread 0x000001f31e5568e0 1916       3       java.lang.ReflectiveOperationException::<init> (6 bytes)
Event: 26.780 Thread 0x000001f31e5568e0 nmethod 1916 0x000001f308ad5310 code [0x000001f308ad54c0, 0x000001f308ad5648]
Event: 26.781 Thread 0x000001f31e5568e0 1917       3       java.io.ObjectInputStream::readUTF (8 bytes)
Event: 26.781 Thread 0x000001f31e5568e0 nmethod 1917 0x000001f308ad5710 code [0x000001f308ad58c0, 0x000001f308ad5ab8]
Event: 26.782 Thread 0x000001f31e5568e0 1918       3       java.lang.ClassValue$Entry::value (9 bytes)
Event: 26.782 Thread 0x000001f31e5568e0 nmethod 1918 0x000001f308ad5c10 code [0x000001f308ad5da0, 0x000001f308ad5f18]
Event: 26.782 Thread 0x000001f31e5568e0 1919       3       java.lang.ClassValue$Entry::assertNotPromise (22 bytes)
Event: 26.782 Thread 0x000001f31e5568e0 nmethod 1919 0x000001f308ad6010 code [0x000001f308ad61a0, 0x000001f308ad62b8]
Event: 26.782 Thread 0x000001f31e5568e0 1920       3       java.io.ObjectInputStream::readByte (8 bytes)
Event: 26.783 Thread 0x000001f31e5568e0 nmethod 1920 0x000001f308ad6390 code [0x000001f308ad6560, 0x000001f308ad6818]
Event: 26.784 Thread 0x000001f31e5568e0 1921       3       java.util.stream.StreamSupport::stream (19 bytes)
Event: 26.784 Thread 0x000001f31e5568e0 nmethod 1921 0x000001f308ad6990 code [0x000001f308ad6b60, 0x000001f308ad6f88]
Event: 26.788 Thread 0x000001f31e5568e0 1922       1       java.lang.reflect.Field::getType (5 bytes)
Event: 26.789 Thread 0x000001f31e5568e0 nmethod 1922 0x000001f3102a1b10 code [0x000001f3102a1ca0, 0x000001f3102a1d78]
Event: 26.797 Thread 0x000001f31e5568e0 1923       1       java.util.Spliterators$ArraySpliterator::characteristics (5 bytes)
Event: 26.797 Thread 0x000001f31e5568e0 nmethod 1923 0x000001f3102a1e10 code [0x000001f3102a1fa0, 0x000001f3102a2078]
Event: 26.797 Thread 0x000001f31e5568e0 1924       3       java.lang.Class::getDeclaredMethod (63 bytes)
Event: 26.798 Thread 0x000001f31e5568e0 nmethod 1924 0x000001f308ad7190 code [0x000001f308ad7460, 0x000001f308ad8098]
Event: 26.798 Thread 0x000001f31e5568e0 1925   !   3       java.io.ObjectOutputStream::writeObject0 (620 bytes)

GC Heap History (8 events):
Event: 21.164 GC heap before
{Heap before GC invocations=0 (full 0):
 garbage-first heap   total 131072K, used 8192K [0x0000000080000000, 0x0000000100000000)
  region size 1024K, 6 young (6144K), 0 survivors (0K)
 Metaspace       used 10727K, committed 10880K, reserved 1114112K
  class space    used 1076K, committed 1152K, reserved 1048576K
}
Event: 21.172 GC heap after
{Heap after GC invocations=1 (full 0):
 garbage-first heap   total 131072K, used 6168K [0x0000000080000000, 0x0000000100000000)
  region size 1024K, 1 young (1024K), 1 survivors (1024K)
 Metaspace       used 10727K, committed 10880K, reserved 1114112K
  class space    used 1076K, committed 1152K, reserved 1048576K
}
Event: 22.643 GC heap before
{Heap before GC invocations=1 (full 0):
 garbage-first heap   total 131072K, used 10264K [0x0000000080000000, 0x0000000100000000)
  region size 1024K, 6 young (6144K), 1 survivors (1024K)
 Metaspace       used 14226K, committed 14528K, reserved 1114112K
  class space    used 1483K, committed 1664K, reserved 1048576K
}
Event: 22.650 GC heap after
{Heap after GC invocations=2 (full 0):
 garbage-first heap   total 131072K, used 6822K [0x0000000080000000, 0x0000000100000000)
  region size 1024K, 1 young (1024K), 1 survivors (1024K)
 Metaspace       used 14226K, committed 14528K, reserved 1114112K
  class space    used 1483K, committed 1664K, reserved 1048576K
}
Event: 23.796 GC heap before
{Heap before GC invocations=2 (full 0):
 garbage-first heap   total 131072K, used 13990K [0x0000000080000000, 0x0000000100000000)
  region size 1024K, 9 young (9216K), 1 survivors (1024K)
 Metaspace       used 18699K, committed 18944K, reserved 1114112K
  class space    used 1968K, committed 2048K, reserved 1048576K
}
Event: 23.811 GC heap after
{Heap after GC invocations=3 (full 0):
 garbage-first heap   total 131072K, used 8333K [0x0000000080000000, 0x0000000100000000)
  region size 1024K, 2 young (2048K), 2 survivors (2048K)
 Metaspace       used 18699K, committed 18944K, reserved 1114112K
  class space    used 1968K, committed 2048K, reserved 1048576K
}
Event: 24.448 GC heap before
{Heap before GC invocations=3 (full 0):
 garbage-first heap   total 131072K, used 9357K [0x0000000080000000, 0x0000000100000000)
  region size 1024K, 4 young (4096K), 2 survivors (2048K)
 Metaspace       used 21207K, committed 21504K, reserved 1114112K
  class space    used 2277K, committed 2432K, reserved 1048576K
}
Event: 24.458 GC heap after
{Heap after GC invocations=4 (full 0):
 garbage-first heap   total 131072K, used 8640K [0x0000000080000000, 0x0000000100000000)
  region size 1024K, 3 young (3072K), 3 survivors (3072K)
 Metaspace       used 21207K, committed 21504K, reserved 1114112K
  class space    used 2277K, committed 2432K, reserved 1048576K
}

Dll operation events (1 events):
Event: 0.872 Loaded shared library C:\Program Files\JetBrains\IntelliJ IDEA 2023.3.3\jbr\bin\java.dll

Deoptimization events (20 events):
Event: 24.604 Thread 0x000001f3230979b0 Uncommon trap: trap_request=0xffffffc6 fr.pc=0x000001f310269e48 relative=0x0000000000000288
Event: 24.604 Thread 0x000001f3230979b0 Uncommon trap: reason=bimorphic_or_optimized_type_check action=maybe_recompile pc=0x000001f310269e48 method=java.util.regex.Pattern$SliceI.match(Ljava/util/regex/Matcher;ILjava/lang/CharSequence;)Z @ 92 c2
Event: 24.605 Thread 0x000001f3230979b0 DEOPT PACKING pc=0x000001f310269e48 sp=0x000000ac017fda90
Event: 24.605 Thread 0x000001f3230979b0 DEOPT UNPACKING pc=0x000001f30fcc699d sp=0x000000ac017fda38 mode 2
Event: 25.665 Thread 0x000001f3230979b0 DEOPT PACKING pc=0x000001f30885e33e sp=0x000000ac017fe220
Event: 25.665 Thread 0x000001f3230979b0 DEOPT UNPACKING pc=0x000001f30fcc7124 sp=0x000000ac017fd6c0 mode 0
Event: 25.974 Thread 0x000001f3230979b0 Uncommon trap: trap_request=0xffffff45 fr.pc=0x000001f3102862fc relative=0x0000000000004cbc
Event: 25.974 Thread 0x000001f3230979b0 Uncommon trap: reason=unstable_if action=reinterpret pc=0x000001f3102862fc method=jdk.internal.org.objectweb.asm.Frame.execute(IILjdk/internal/org/objectweb/asm/Symbol;Ljdk/internal/org/objectweb/asm/SymbolTable;)V @ 1 c2
Event: 25.976 Thread 0x000001f3230979b0 DEOPT PACKING pc=0x000001f3102862fc sp=0x000000ac017fd3e0
Event: 25.977 Thread 0x000001f3230979b0 DEOPT UNPACKING pc=0x000001f30fcc699d sp=0x000000ac017fd378 mode 2
Event: 26.572 Thread 0x000001f3230979b0 DEOPT PACKING pc=0x000001f308a218dd sp=0x000000ac017fcdb0
Event: 26.572 Thread 0x000001f3230979b0 DEOPT UNPACKING pc=0x000001f30fcc7124 sp=0x000000ac017fc298 mode 0
Event: 26.574 Thread 0x000001f3230979b0 DEOPT PACKING pc=0x000001f3088195ba sp=0x000000ac017fd820
Event: 26.574 Thread 0x000001f3230979b0 DEOPT UNPACKING pc=0x000001f30fcc7124 sp=0x000000ac017fcc98 mode 0
Event: 26.576 Thread 0x000001f3230979b0 DEOPT PACKING pc=0x000001f3088195ba sp=0x000000ac017fd820
Event: 26.576 Thread 0x000001f3230979b0 DEOPT UNPACKING pc=0x000001f30fcc7124 sp=0x000000ac017fcc98 mode 0
Event: 26.735 Thread 0x000001f3230979b0 DEOPT PACKING pc=0x000001f30899cd3e sp=0x000000ac017fcff0
Event: 26.735 Thread 0x000001f3230979b0 DEOPT UNPACKING pc=0x000001f30fcc7124 sp=0x000000ac017fc420 mode 0
Event: 26.794 Thread 0x000001f3230979b0 DEOPT PACKING pc=0x000001f3088195ba sp=0x000000ac017fd870
Event: 26.794 Thread 0x000001f3230979b0 DEOPT UNPACKING pc=0x000001f30fcc7124 sp=0x000000ac017fcce8 mode 0

Classes unloaded (0 events):
No events

Classes redefined (0 events):
No events

Internal exceptions (20 events):
Event: 20.701 Thread 0x000001f304fcbf90 Exception <a 'java/lang/NoSuchMethodError'{0x0000000087b75230}: 'java.lang.Object java.lang.invoke.DirectMethodHandle$Holder.invokeStaticInit(java.lang.Object, java.lang.Object, int, int, int, int)'> (0x0000000087b75230) 
thrown [s\src\hotspot\share\interpreter\linkResolver.cpp, line 771]
Event: 21.191 Thread 0x000001f304fcbf90 Exception <a 'java/lang/NoSuchMethodError'{0x0000000087f5a198}: 'java.lang.Object java.lang.invoke.Invokers$Holder.linkToTargetMethod(java.lang.Object, long, java.lang.Object)'> (0x0000000087f5a198) 
thrown [s\src\hotspot\share\interpreter\linkResolver.cpp, line 771]
Event: 21.617 Thread 0x000001f323099300 Exception <a 'java/lang/NoSuchMethodError'{0x0000000087e60680}: static [B.<clinit>()V> (0x0000000087e60680) 
thrown [s\src\hotspot\share\prims\jni.cpp, line 1108]
Event: 22.190 Thread 0x000001f3230979b0 Exception <a 'java/lang/NoSuchMethodError'{0x0000000087eab850}: static [Ljava/rmi/server/ObjID;.<clinit>()V> (0x0000000087eab850) 
thrown [s\src\hotspot\share\prims\jni.cpp, line 1108]
Event: 22.198 Thread 0x000001f3230979b0 Exception <a 'java/lang/NoSuchMethodError'{0x0000000087eb35a8}: 'void java.lang.invoke.DirectMethodHandle$Holder.invokeSpecial(java.lang.Object, java.lang.Object, java.lang.Object)'> (0x0000000087eb35a8) 
thrown [s\src\hotspot\share\interpreter\linkResolver.cpp, line 771]
Event: 22.199 Thread 0x000001f3230979b0 Exception <a 'java/lang/NoSuchMethodError'{0x0000000087eb6d60}: 'void java.lang.invoke.Invokers$Holder.invoke_MT(java.lang.Object, java.lang.Object, java.lang.Object)'> (0x0000000087eb6d60) 
thrown [s\src\hotspot\share\interpreter\linkResolver.cpp, line 771]
Event: 22.501 Thread 0x000001f3230979b0 Exception <a 'java/lang/NoSuchMethodError'{0x0000000087b0c620}: 'java.lang.Object java.lang.invoke.DirectMethodHandle$Holder.invokeInterface(java.lang.Object, java.lang.Object)'> (0x0000000087b0c620) 
thrown [s\src\hotspot\share\interpreter\linkResolver.cpp, line 771]
Event: 22.680 Thread 0x000001f3230979b0 Exception <a 'java/lang/NoSuchMethodError'{0x0000000087f43bb8}: 'java.lang.Object java.lang.invoke.DirectMethodHandle$Holder.invokeVirtual(java.lang.Object, java.lang.Object, java.lang.Object)'> (0x0000000087f43bb8) 
thrown [s\src\hotspot\share\interpreter\linkResolver.cpp, line 771]
Event: 23.437 Thread 0x000001f3230979b0 Exception <a 'sun/nio/fs/WindowsException'{0x00000000878a8060}> (0x00000000878a8060) 
thrown [s\src\hotspot\share\prims\jni.cpp, line 517]
Event: 23.462 Thread 0x000001f3230979b0 Exception <a 'java/lang/NoSuchMethodError'{0x00000000878cc668}: 'int java.lang.invoke.DirectMethodHandle$Holder.invokeStaticInit(java.lang.Object, java.lang.Object, java.lang.Object, java.lang.Object)'> (0x00000000878cc668) 
thrown [s\src\hotspot\share\interpreter\linkResolver.cpp, line 771]
Event: 23.464 Thread 0x000001f3230979b0 Exception <a 'java/lang/IncompatibleClassChangeError'{0x00000000878d5af0}: Found class java.lang.Object, but interface was expected> (0x00000000878d5af0) 
thrown [s\src\hotspot\share\interpreter\linkResolver.cpp, line 838]
Event: 23.466 Thread 0x000001f3230979b0 Exception <a 'java/lang/NoSuchMethodError'{0x00000000878df888}: 'int java.lang.invoke.DirectMethodHandle$Holder.invokeStaticInit(java.lang.Object, java.lang.Object)'> (0x00000000878df888) 
thrown [s\src\hotspot\share\interpreter\linkResolver.cpp, line 771]
Event: 24.590 Thread 0x000001f3230979b0 Implicit null exception at 0x000001f31026ddf2 to 0x000001f31026e360
Event: 24.770 Thread 0x000001f3230979b0 Exception <a 'java/lang/NoSuchMethodError'{0x0000000087ad0760}: 'java.lang.Object java.lang.invoke.DirectMethodHandle$Holder.newInvokeSpecial(java.lang.Object, java.lang.Object, int)'> (0x0000000087ad0760) 
thrown [s\src\hotspot\share\interpreter\linkResolver.cpp, line 771]
Event: 26.473 Thread 0x000001f3230979b0 Exception <a 'java/lang/NoSuchMethodError'{0x00000000874344b0}: static Lcom/intellij/database/remote/jdba/core/ConnectionInfo;.<clinit>()V> (0x00000000874344b0) 
thrown [s\src\hotspot\share\prims\jni.cpp, line 1108]
Event: 26.475 Thread 0x000001f3230979b0 Exception <a 'java/lang/NoSuchMethodError'{0x000000008743e898}: static Ljava/lang/Object;.<clinit>()V> (0x000000008743e898) 
thrown [s\src\hotspot\share\prims\jni.cpp, line 1108]
Event: 26.475 Thread 0x000001f3230979b0 Exception <a 'java/lang/NoSuchMethodError'{0x00000000874423e8}: static [I.<clinit>()V> (0x00000000874423e8) 
thrown [s\src\hotspot\share\prims\jni.cpp, line 1108]
Event: 26.781 Thread 0x000001f3230979b0 Exception <a 'java/lang/NoSuchMethodError'{0x00000000873b7d08}: static Lcom/intellij/database/remote/jdba/core/ResultLayout;.<clinit>()V> (0x00000000873b7d08) 
thrown [s\src\hotspot\share\prims\jni.cpp, line 1108]
Event: 26.785 Thread 0x000001f3230979b0 Exception <a 'java/lang/NoSuchMethodError'{0x00000000873c4650}: static Lcom/intellij/database/remote/jdba/core/RowLayout;.<clinit>()V> (0x00000000873c4650) 
thrown [s\src\hotspot\share\prims\jni.cpp, line 1108]
Event: 26.789 Thread 0x000001f3230979b0 Exception <a 'java/lang/NoSuchMethodError'{0x00000000873cf450}: static Lcom/intellij/database/remote/jdba/util/NameAndClass;.<clinit>()V> (0x00000000873cf450) 
thrown [s\src\hotspot\share\prims\jni.cpp, line 1108]

VM Operations (20 events):
Event: 22.643 Executing VM operation: G1CollectForAllocation
Event: 22.650 Executing VM operation: G1CollectForAllocation done
Event: 23.338 Executing VM operation: HandshakeAllThreads
Event: 23.338 Executing VM operation: HandshakeAllThreads done
Event: 23.454 Executing VM operation: HandshakeAllThreads
Event: 23.454 Executing VM operation: HandshakeAllThreads done
Event: 23.795 Executing VM operation: G1CollectForAllocation
Event: 23.811 Executing VM operation: G1CollectForAllocation done
Event: 24.373 Executing VM operation: HandshakeAllThreads
Event: 24.374 Executing VM operation: HandshakeAllThreads done
Event: 24.448 Executing VM operation: CollectForMetadataAllocation
Event: 24.458 Executing VM operation: CollectForMetadataAllocation done
Event: 24.469 Executing VM operation: G1PauseRemark
Event: 24.473 Executing VM operation: G1PauseRemark done
Event: 24.476 Executing VM operation: G1PauseCleanup
Event: 24.476 Executing VM operation: G1PauseCleanup done
Event: 25.489 Executing VM operation: Cleanup
Event: 25.489 Executing VM operation: Cleanup done
Event: 26.490 Executing VM operation: Cleanup
Event: 26.490 Executing VM operation: Cleanup done

Events (20 events):
Event: 24.763 loading class java/time/DateTimeException done
Event: 24.763 loading class java/time/format/DateTimeParseException done
Event: 25.011 loading class jdk/internal/reflect/UnsafeQualifiedStaticObjectFieldAccessorImpl
Event: 25.012 loading class jdk/internal/reflect/UnsafeQualifiedStaticObjectFieldAccessorImpl done
Event: 25.012 loading class java/nio/charset/CharacterCodingException
Event: 25.012 loading class java/nio/charset/CharacterCodingException done
Event: 25.013 loading class java/util/stream/IntStream
Event: 25.013 loading class java/util/stream/IntStream done
Event: 25.643 loading class java/util/AbstractList$ListItr
Event: 25.644 loading class java/util/AbstractList$ListItr done
Event: 25.700 loading class java/util/function/UnaryOperator
Event: 25.700 loading class java/util/function/UnaryOperator done
Event: 26.373 loading class java/lang/AbstractMethodError
Event: 26.373 loading class java/lang/AbstractMethodError done
Event: 26.465 loading class java/lang/Short$ShortCache
Event: 26.465 loading class java/lang/Short$ShortCache done
Event: 26.471 loading class java/util/regex/Pattern$Behind
Event: 26.471 loading class java/util/regex/Pattern$Behind done
Event: 26.471 loading class java/util/regex/Pattern$Pos
Event: 26.471 loading class java/util/regex/Pattern$Pos done


Dynamic libraries:
0x00007ff6d23e0000 - 0x00007ff6d23ea000 	C:\Program Files\JetBrains\IntelliJ IDEA 2023.3.3\jbr\bin\java.exe
0x00007fffc21a0000 - 0x00007fffc2390000 	C:\windows\SYSTEM32\ntdll.dll
0x00007fffc0470000 - 0x00007fffc0522000 	C:\windows\System32\KERNEL32.DLL
0x00007fffbf180000 - 0x00007fffbf423000 	C:\windows\System32\KERNELBASE.dll
0x00007fff9ab50000 - 0x00007fff9ab67000 	C:\Program Files\JetBrains\IntelliJ IDEA 2023.3.3\jbr\bin\jli.dll
0x00007fff93500000 - 0x00007fff9351b000 	C:\Program Files\JetBrains\IntelliJ IDEA 2023.3.3\jbr\bin\VCRUNTIME140.dll
0x00007fffbf460000 - 0x00007fffbf55a000 	C:\windows\System32\ucrtbase.dll
0x00007fffc11c0000 - 0x00007fffc1354000 	C:\windows\System32\USER32.dll
0x00007fffbf430000 - 0x00007fffbf451000 	C:\windows\System32\win32u.dll
0x00007fffc1bc0000 - 0x00007fffc1be6000 	C:\windows\System32\GDI32.dll
0x00007fffbf8d0000 - 0x00007fffbfa64000 	C:\windows\System32\gdi32full.dll
0x00007fffbf730000 - 0x00007fffbf7ce000 	C:\windows\System32\msvcp_win.dll
0x00007fffbdbf0000 - 0x00007fffbde75000 	C:\windows\WinSxS\amd64_microsoft.windows.common-controls_6595b64144ccf1df_6.0.18362.418_none_e6c6b287130d565d\COMCTL32.dll
0x00007fffc1b20000 - 0x00007fffc1bbe000 	C:\windows\System32\msvcrt.dll
0x00007fffc0d20000 - 0x00007fffc1056000 	C:\windows\System32\combase.dll
0x00007fffc1e10000 - 0x00007fffc1f30000 	C:\windows\System32\RPCRT4.dll
0x00007fffbf560000 - 0x00007fffbf5e0000 	C:\windows\System32\bcryptPrimitives.dll
0x00007fffc1d00000 - 0x00007fffc1d2e000 	C:\windows\System32\IMM32.DLL
0x00007fff92ed0000 - 0x00007fff92edc000 	C:\Program Files\JetBrains\IntelliJ IDEA 2023.3.3\jbr\bin\vcruntime140_1.dll
0x00007fff843b0000 - 0x00007fff8443d000 	C:\Program Files\JetBrains\IntelliJ IDEA 2023.3.3\jbr\bin\msvcp140.dll
0x00007fff5d200000 - 0x00007fff5de82000 	C:\Program Files\JetBrains\IntelliJ IDEA 2023.3.3\jbr\bin\server\jvm.dll
0x00007fffc1c50000 - 0x00007fffc1cf3000 	C:\windows\System32\ADVAPI32.dll
0x00007fffc0c80000 - 0x00007fffc0d17000 	C:\windows\System32\sechost.dll
0x00007fffbf0c0000 - 0x00007fffbf10a000 	C:\windows\System32\POWRPROF.dll
0x00007fffbf070000 - 0x00007fffbf080000 	C:\windows\System32\UMPDC.dll
0x00007fffa6f10000 - 0x00007fffa6f19000 	C:\windows\SYSTEM32\WSOCK32.dll
0x00007fffc20f0000 - 0x00007fffc215f000 	C:\windows\System32\WS2_32.dll
0x00007fffbc420000 - 0x00007fffbc444000 	C:\windows\SYSTEM32\WINMM.dll
0x00007fffbc870000 - 0x00007fffbc87a000 	C:\windows\SYSTEM32\VERSION.dll
0x00007fffbc3f0000 - 0x00007fffbc41d000 	C:\windows\SYSTEM32\WINMMBASE.dll
0x00007fffbf130000 - 0x00007fffbf17a000 	C:\windows\System32\cfgmgr32.dll
0x00007fffbf0a0000 - 0x00007fffbf0b1000 	C:\windows\System32\kernel.appcore.dll
0x00007fffac350000 - 0x00007fffac35a000 	C:\Program Files\JetBrains\IntelliJ IDEA 2023.3.3\jbr\bin\jimage.dll
0x00007fffbe990000 - 0x00007fffbeb84000 	C:\windows\SYSTEM32\DBGHELP.DLL
0x00007fffbe430000 - 0x00007fffbe45a000 	C:\windows\SYSTEM32\dbgcore.DLL
0x00007fffac320000 - 0x00007fffac345000 	C:\Program Files\JetBrains\IntelliJ IDEA 2023.3.3\jbr\bin\java.dll
0x00007fffa3400000 - 0x00007fffa3418000 	C:\Program Files\JetBrains\IntelliJ IDEA 2023.3.3\jbr\bin\zip.dll
0x00007fffc1430000 - 0x00007fffc1b15000 	C:\windows\System32\SHELL32.dll
0x00007fffc1380000 - 0x00007fffc1429000 	C:\windows\System32\shcore.dll
0x00007fffbfad0000 - 0x00007fffc024f000 	C:\windows\System32\windows.storage.dll
0x00007fffbf110000 - 0x00007fffbf12f000 	C:\windows\System32\profapi.dll
0x00007fffc1bf0000 - 0x00007fffc1c42000 	C:\windows\System32\shlwapi.dll
0x00007fffbf7d0000 - 0x00007fffbf7e7000 	C:\windows\System32\cryptsp.dll
0x00007fff9f840000 - 0x00007fff9f859000 	C:\Program Files\JetBrains\IntelliJ IDEA 2023.3.3\jbr\bin\net.dll
0x00007fffb19b0000 - 0x00007fffb1aa0000 	C:\windows\SYSTEM32\WINHTTP.dll
0x00007fffbe560000 - 0x00007fffbe5c7000 	C:\windows\system32\mswsock.dll
0x00007fff9ed50000 - 0x00007fff9ed66000 	C:\Program Files\JetBrains\IntelliJ IDEA 2023.3.3\jbr\bin\nio.dll
0x00007fffbe1c0000 - 0x00007fffbe1fa000 	C:\windows\SYSTEM32\IPHLPAPI.DLL
0x00007fffc1360000 - 0x00007fffc1368000 	C:\windows\System32\NSI.dll
0x00007fffaf810000 - 0x00007fffaf826000 	C:\windows\SYSTEM32\dhcpcsvc6.DLL
0x00007fffaf7f0000 - 0x00007fffaf80c000 	C:\windows\SYSTEM32\dhcpcsvc.DLL
0x00007fffbe200000 - 0x00007fffbe2ca000 	C:\windows\SYSTEM32\DNSAPI.dll
0x00007fffbe020000 - 0x00007fffbe053000 	C:\windows\system32\rsaenh.dll
0x00007fffbf8a0000 - 0x00007fffbf8c6000 	C:\windows\System32\bcrypt.dll
0x00007fffbef60000 - 0x00007fffbef85000 	C:\windows\SYSTEM32\USERENV.dll
0x00007fffbe730000 - 0x00007fffbe73c000 	C:\windows\SYSTEM32\CRYPTBASE.dll
0x00007fff93940000 - 0x00007fff93947000 	C:\Program Files\JetBrains\IntelliJ IDEA 2023.3.3\jbr\bin\rmi.dll
0x00007fffad470000 - 0x00007fffad47a000 	C:\Windows\System32\rasadhlp.dll
0x00007fffaf3d0000 - 0x00007fffaf447000 	C:\windows\System32\fwpuclnt.dll
0x00007fffa1640000 - 0x00007fffa164e000 	C:\Program Files\JetBrains\IntelliJ IDEA 2023.3.3\jbr\bin\sunmscapi.dll
0x00007fffbf5e0000 - 0x00007fffbf729000 	C:\windows\System32\CRYPT32.dll
0x00007fffbf080000 - 0x00007fffbf092000 	C:\windows\System32\MSASN1.dll
0x00007fffbe830000 - 0x00007fffbe856000 	C:\windows\SYSTEM32\ncrypt.dll
0x00007fffbe7f0000 - 0x00007fffbe82b000 	C:\windows\SYSTEM32\NTASN1.dll

dbghelp: loaded successfully - version: 4.0.5 - missing functions: none
symbol engine: initialized successfully - sym options: 0x614 - pdb path: .;C:\Program Files\JetBrains\IntelliJ IDEA 2023.3.3\jbr\bin;C:\windows\SYSTEM32;C:\windows\WinSxS\amd64_microsoft.windows.common-controls_6595b64144ccf1df_6.0.18362.418_none_e6c6b287130d565d;C:\Program Files\JetBrains\IntelliJ IDEA 2023.3.3\jbr\bin\server

VM Arguments:
jvm_args: -Djava.rmi.server.hostname=127.0.0.1 -Duser.timezone=UTC -Xmx2048m -Xms128m -Djdbc.classpath=C:\Program Files\JetBrains\IntelliJ IDEA 2023.3.3\plugins\DatabaseTools\lib\jdbc-console.jar;C:\Users\Elève\AppData\Roaming\JetBrains\IntelliJIdea2023.3\jdbc-drivers\MySQL ConnectorJ\8.0.25\mysql\mysql-connector-java\8.0.25\mysql-connector-java-8.0.25.jar;C:\Users\Elève\AppData\Roaming\JetBrains\IntelliJIdea2023.3\jdbc-drivers\MySQL ConnectorJ\8.0.25\com\google\protobuf\protobuf-java\3.11.4\protobuf-java-3.11.4.jar --add-exports=java.desktop/sun.awt=ALL-UNNAMED --add-exports=java.desktop/java.awt.peer=ALL-UNNAMED --add-opens=java.desktop/java.awt=ALL-UNNAMED --add-opens=jdk.unsupported/sun.misc=ALL-UNNAMED --add-opens=java.base/java.nio=ALL-UNNAMED --add-opens=java.base/java.util=ALL-UNNAMED -Dfile.encoding=UTF-8 
java_command: com.intellij.database.remote.RemoteJdbcServer com.mysql.cj.jdbc.Driver
java_class_path (initial): C:\Program Files\JetBrains\IntelliJ IDEA 2023.3.3\lib\util_rt.jar;C:\Program Files\JetBrains\IntelliJ IDEA 2023.3.3\lib\util-8.jar;C:\Program Files\JetBrains\IntelliJ IDEA 2023.3.3\lib\groovy.jar;C:\Program Files\JetBrains\IntelliJ IDEA 2023.3.3\plugins\DatabaseTools\lib\jdbc-console.jar;C:\Program Files\JetBrains\IntelliJ IDEA 2023.3.3\plugins\grid-core-impl\lib\jdbc-console-types.jar;C:\Program Files\JetBrains\IntelliJ IDEA 2023.3.3\lib\util.jar
Launcher Type: SUN_STANDARD

[Global flags]
     intx CICompilerCount                          = 2                                         {product} {ergonomic}
     uint ConcGCThreads                            = 1                                         {product} {ergonomic}
     uint G1ConcRefinementThreads                  = 2                                         {product} {ergonomic}
   size_t G1HeapRegionSize                         = 1048576                                   {product} {ergonomic}
    uintx GCDrainStackTargetSize                   = 64                                        {product} {ergonomic}
   size_t InitialHeapSize                          = 134217728                                 {product} {command line}
   size_t MarkStackSize                            = 4194304                                   {product} {ergonomic}
   size_t MaxHeapSize                              = 2147483648                                {product} {command line}
   size_t MaxNewSize                               = 1287651328                                {product} {ergonomic}
   size_t MinHeapDeltaBytes                        = 1048576                                   {product} {ergonomic}
   size_t MinHeapSize                              = 134217728                                 {product} {command line}
    uintx NonNMethodCodeHeapSize                   = 5826188                                {pd product} {ergonomic}
    uintx NonProfiledCodeHeapSize                  = 122916026                              {pd product} {ergonomic}
    uintx ProfiledCodeHeapSize                     = 122916026                              {pd product} {ergonomic}
    uintx ReservedCodeCacheSize                    = 251658240                              {pd product} {ergonomic}
     bool SegmentedCodeCache                       = true                                      {product} {ergonomic}
   size_t SoftMaxHeapSize                          = 2147483648                             {manageable} {ergonomic}
     bool UseCompressedClassPointers               = true                           {product lp64_product} {ergonomic}
     bool UseCompressedOops                        = true                           {product lp64_product} {ergonomic}
     bool UseG1GC                                  = true                                      {product} {ergonomic}
     bool UseLargePagesIndividualAllocation        = false                                  {pd product} {ergonomic}

Logging:
Log output configuration:
 #0: stdout all=warning uptime,level,tags
 #1: stderr all=off uptime,level,tags

Environment Variables:
PATH=C:\Program Files (x86)\Common Files\Oracle\Java\javapath;C:\windows\system32;C:\windows;C:\windows\System32\Wbem;C:\windows\System32\WindowsPowerShell\v1.0\;C:\windows\System32\OpenSSH\;C:\Program Files\PowerShell\7\;C:\Program Files\Git\cmd;C:\Program Files\nodejs\;C:\Program Files (x86)\apache-maven-3.9.6\bin;C:\Program Files (x86)\gradle-8.6\bin;C:\Users\Elève\scoop\shims;C:\Users\Elève\AppData\Local\Programs\Microsoft VS Code\bin;C:\PyCharm Community Edition 2021.3.3\bin;;C:\Users\Elève\mingw32\bin;C:\Program Files (x86)\php-8.3.0-Win32-vs16-x64;C:\Users\Elève\composer;C:\Users\Elève\AppData\Roaming\Composer\vendor\bin;C:\Program Files (x86)\Git;C:\Users\Elève\AppData\Roaming\npm;C:\Program Files\JetBrains\IntelliJ IDEA 2023.3.3\bin;;C:\Program Files\JetBrains\IntelliJ IDEA Community Edition 2023.3.2\bin;;C:\Program Files (x86)\gradle-8.6\bin;
USERNAME=Elève
OS=Windows_NT
PROCESSOR_IDENTIFIER=Intel64 Family 6 Model 122 Stepping 1, GenuineIntel
TMP=C:\Users\ELVE~1\AppData\Local\Temp
TEMP=C:\Users\ELVE~1\AppData\Local\Temp



Periodic native trim disabled

JNI global refs:
JNI global refs: 15, weak refs: 0

JNI global refs memory usage: 843, weak refs: 209

OOME stack traces (most recent first):
Classloader memory used:
Loader bootstrap                                                                       : 2328K
Loader com.intellij.database.remote.jdbc.impl.JdbcClassLoader$JdbcClassLoaderImpl      : 287K
Loader jdk.internal.loader.ClassLoaders$AppClassLoader                                 : 252K
Loader jdk.internal.loader.ClassLoaders$PlatformClassLoader                            : 90598B
Loader jdk.internal.reflect.DelegatingClassLoader                                      : 14797B


---------------  S Y S T E M  ---------------

OS:
 Windows 10 , 64 bit Build 18362 (10.0.18362.329)
OS uptime: 12 days 14:00 hours

CPU: total 2 (initial active 2) (2 cores per cpu, 1 threads per core) family 6 model 122 stepping 1 microcode 0x32, cx8, cmov, fxsr, mmx, 3dnowpref, sse, sse2, sse3, ssse3, sse4.1, sse4.2, popcnt, tsc, tscinvbit, aes, erms, clmul, sha, clflush, clflushopt
Processor Information for all 2 processors :
  Max Mhz: 1101, Current Mhz: 1101, Mhz Limit: 1101

Memory: 4k page, system-wide physical 3696M (323M free)
TotalPageFile size 12530M (AvailPageFile size 4M)
current process WorkingSet (physical memory assigned to process): 102M, peak: 102M
current process commit charge ("private bytes"): 235M, peak: 237M

vm_info: OpenJDK 64-Bit Server VM (17.0.9+7-b1087.11) for windows-amd64 JRE (17.0.9+7-b1087.11), built on 2024-01-05 by "builduser" with MS VC++ 16.10 / 16.11 (VS2019)

END.
