#
# There is insufficient memory for the Java Runtime Environment to continue.
# Native memory allocation (malloc) failed to allocate 339456 bytes for Chunk::new
# Possible reasons:
#   The system is out of physical RAM or swap space
#   The process is running with CompressedOops enabled, and the Java Heap may be blocking the growth of the native heap
# Possible solutions:
#   Reduce memory load on the system
#   Increase physical memory or swap space
#   Check if swap backing store is full
#   Decrease Java heap size (-Xmx/-Xms)
#   Decrease number of Java threads
#   Decrease Java thread stack sizes (-Xss)
#   Set larger code cache with -XX:ReservedCodeCacheSize=
#   JVM is running with Unscaled Compressed Oops mode in which the Java heap is
#     placed in the first 4GB address space. The Java Heap base address is the
#     maximum limit for the native heap growth. Please use -XX:HeapBaseMinAddress
#     to set the Java Heap base and to place the Java Heap above 4GB virtual address.
# This output file may be truncated or incomplete.
#
#  Out of Memory Error (arena.cpp:191), pid=17812, tid=3672
#
# JRE version: OpenJDK Runtime Environment JBR-17.0.9+7-1087.11-jcef (17.0.9+7) (build 17.0.9+7-b1087.11)
# Java VM: OpenJDK 64-Bit Server VM JBR-17.0.9+7-1087.11-jcef (17.0.9+7-b1087.11, mixed mode, tiered, compressed oops, compressed class ptrs, g1 gc, windows-amd64)
# No core dump will be written. Minidumps are not enabled by default on client versions of Windows
#

---------------  S U M M A R Y ------------

Command Line: -Djava.rmi.server.hostname=127.0.0.1 -Duser.timezone=UTC -Xmx2048m -Xms128m -Djdbc.classpath=C:\Program Files\JetBrains\IntelliJ IDEA 2023.3.3\plugins\DatabaseTools\lib\jdbc-console.jar;C:\Users\Elève\AppData\Roaming\JetBrains\IntelliJIdea2023.3\jdbc-drivers\MySQL ConnectorJ\8.0.25\mysql\mysql-connector-java\8.0.25\mysql-connector-java-8.0.25.jar;C:\Users\Elève\AppData\Roaming\JetBrains\IntelliJIdea2023.3\jdbc-drivers\MySQL ConnectorJ\8.0.25\com\google\protobuf\protobuf-java\3.11.4\protobuf-java-3.11.4.jar --add-exports=java.desktop/sun.awt=ALL-UNNAMED --add-exports=java.desktop/java.awt.peer=ALL-UNNAMED --add-opens=java.desktop/java.awt=ALL-UNNAMED --add-opens=jdk.unsupported/sun.misc=ALL-UNNAMED --add-opens=java.base/java.nio=ALL-UNNAMED --add-opens=java.base/java.util=ALL-UNNAMED -Dfile.encoding=UTF-8 com.intellij.database.remote.RemoteJdbcServer com.mysql.cj.jdbc.Driver

Host: Intel(R) Celeron(R) N4000 CPU @ 1.10GHz, 2 cores, 3G,  Windows 10 , 64 bit Build 18362 (10.0.18362.329)
Time: Wed May 22 18:39:06 2024 Paris, Madrid (heure d’été) elapsed time: 1.540947 seconds (0d 0h 0m 1s)

---------------  T H R E A D  ---------------

Current thread (0x000001bd6202a670):  JavaThread "C2 CompilerThread0" daemon [_thread_in_native, id=3672, stack(0x0000003fdbd00000,0x0000003fdbe00000)]


Current CompileTask:
C2:   1541  666       4       jdk.internal.org.objectweb.asm.SymbolTable::addConstantUtf8 (98 bytes)

Stack: [0x0000003fdbd00000,0x0000003fdbe00000]
Native frames: (J=compiled Java code, j=interpreted, Vv=VM code, C=native code)
V  [jvm.dll+0x688349]
V  [jvm.dll+0x841bfa]
V  [jvm.dll+0x84383e]
V  [jvm.dll+0x843ea3]
V  [jvm.dll+0x24bdef]
V  [jvm.dll+0xac44c]
V  [jvm.dll+0xaca9c]
V  [jvm.dll+0x2b33ef]
V  [jvm.dll+0x590407]
V  [jvm.dll+0x226412]
V  [jvm.dll+0x2267ff]
V  [jvm.dll+0x21f926]
V  [jvm.dll+0x21cd71]
V  [jvm.dll+0x1a66dd]
V  [jvm.dll+0x22cd28]
V  [jvm.dll+0x22ae60]
V  [jvm.dll+0x7f6087]
V  [jvm.dll+0x7f043a]
V  [jvm.dll+0x6871c5]
C  [ucrtbase.dll+0x20e72]
C  [KERNEL32.DLL+0x17bd4]
C  [ntdll.dll+0x6ced1]


---------------  P R O C E S S  ---------------

Threads class SMR info:
_java_thread_list=0x000001bd62631760, length=19, elements={
0x000001bd42b0bef0, 0x000001bd5de73250, 0x000001bd5de74ff0, 0x000001bd5de60740,
0x000001bd5de61010, 0x000001bd62027410, 0x000001bd62029cf0, 0x000001bd6202a670,
0x000001bd6208da80, 0x000001bd62092760, 0x000001bd62194af0, 0x000001bd621953e0,
0x000001bd6220b560, 0x000001bd626186b0, 0x000001bd6220a000, 0x000001bd6220a4e0,
0x000001bd6220a9c0, 0x000001bd6264eea0, 0x000001bd6264c820
}

Java Threads: ( => current thread )
  0x000001bd42b0bef0 JavaThread "main" [_thread_blocked, id=14804, stack(0x0000003fdb000000,0x0000003fdb100000)]
  0x000001bd5de73250 JavaThread "Reference Handler" daemon [_thread_blocked, id=4108, stack(0x0000003fdb700000,0x0000003fdb800000)]
  0x000001bd5de74ff0 JavaThread "Finalizer" daemon [_thread_blocked, id=13440, stack(0x0000003fdb800000,0x0000003fdb900000)]
  0x000001bd5de60740 JavaThread "Signal Dispatcher" daemon [_thread_blocked, id=6688, stack(0x0000003fdb900000,0x0000003fdba00000)]
  0x000001bd5de61010 JavaThread "Attach Listener" daemon [_thread_blocked, id=120, stack(0x0000003fdba00000,0x0000003fdbb00000)]
  0x000001bd62027410 JavaThread "Service Thread" daemon [_thread_blocked, id=19740, stack(0x0000003fdbb00000,0x0000003fdbc00000)]
  0x000001bd62029cf0 JavaThread "Monitor Deflation Thread" daemon [_thread_blocked, id=10264, stack(0x0000003fdbc00000,0x0000003fdbd00000)]
=>0x000001bd6202a670 JavaThread "C2 CompilerThread0" daemon [_thread_in_native, id=3672, stack(0x0000003fdbd00000,0x0000003fdbe00000)]
  0x000001bd6208da80 JavaThread "C1 CompilerThread0" daemon [_thread_blocked, id=13444, stack(0x0000003fdbe00000,0x0000003fdbf00000)]
  0x000001bd62092760 JavaThread "Sweeper thread" daemon [_thread_blocked, id=18092, stack(0x0000003fdbf00000,0x0000003fdc000000)]
  0x000001bd62194af0 JavaThread "Common-Cleaner" daemon [_thread_blocked, id=11392, stack(0x0000003fdc000000,0x0000003fdc100000)]
  0x000001bd621953e0 JavaThread "Notification Thread" daemon [_thread_blocked, id=8804, stack(0x0000003fdc100000,0x0000003fdc200000)]
  0x000001bd6220b560 JavaThread "mysql-cj-abandoned-connection-cleanup" daemon [_thread_blocked, id=18648, stack(0x0000003fdc300000,0x0000003fdc400000)]
  0x000001bd626186b0 JavaThread "RMI TCP Accept-58738" daemon [_thread_in_native, id=9972, stack(0x0000003fdc400000,0x0000003fdc500000)]
  0x000001bd6220a000 JavaThread "RMI TCP Accept-0" daemon [_thread_in_native, id=7280, stack(0x0000003fdc500000,0x0000003fdc600000)]
  0x000001bd6220a4e0 JavaThread "RMI Reaper" [_thread_blocked, id=18992, stack(0x0000003fdc600000,0x0000003fdc700000)]
  0x000001bd6220a9c0 JavaThread "RMI GC Daemon" daemon [_thread_blocked, id=16620, stack(0x0000003fdc700000,0x0000003fdc800000)]
  0x000001bd6264eea0 JavaThread "RMI TCP Connection(1)-127.0.0.1" daemon [_thread_in_vm, id=16868, stack(0x0000003fdca00000,0x0000003fdcb00000)]
  0x000001bd6264c820 JavaThread "RMI TCP Connection(2)-127.0.0.1" daemon [_thread_blocked, id=17712, stack(0x0000003fdcb00000,0x0000003fdcc00000)]

Other Threads:
  0x000001bd5de4fb50 VMThread "VM Thread" [stack: 0x0000003fdb600000,0x0000003fdb700000] [id=17388]
  0x000001bd621927c0 WatcherThread [stack: 0x0000003fdc200000,0x0000003fdc300000] [id=13044]
  0x000001bd42b669f0 GCTaskThread "GC Thread#0" [stack: 0x0000003fdb100000,0x0000003fdb200000] [id=6904]
  0x000001bd6264af30 GCTaskThread "GC Thread#1" [stack: 0x0000003fdc800000,0x0000003fdc900000] [id=5996]
  0x000001bd42b77850 ConcurrentGCThread "G1 Main Marker" [stack: 0x0000003fdb200000,0x0000003fdb300000] [id=836]
  0x000001bd42b78180 ConcurrentGCThread "G1 Conc#0" [stack: 0x0000003fdb300000,0x0000003fdb400000] [id=19124]
  0x000001bd42bbe780 ConcurrentGCThread "G1 Refine#0" [stack: 0x0000003fdb400000,0x0000003fdb500000] [id=9276]
  0x000001bd62208ff0 ConcurrentGCThread "G1 Refine#1" [stack: 0x0000003fdc900000,0x0000003fdca00000] [id=17584]
  0x000001bd5dca8240 ConcurrentGCThread "G1 Service" [stack: 0x0000003fdb500000,0x0000003fdb600000] [id=15520]

Threads with active compile tasks:
C2 CompilerThread0     1613  666       4       jdk.internal.org.objectweb.asm.SymbolTable::addConstantUtf8 (98 bytes)

VM state: not at safepoint (normal execution)

VM Mutex/Monitor currently owned by a thread:  ([mutex/lock_event])
[0x000001bd42b04860] Metaspace_lock - owner thread: 0x000001bd6264eea0

Heap address: 0x0000000080000000, size: 2048 MB, Compressed Oops mode: 32-bit

CDS archive(s) not mapped
Compressed class space mapped at: 0x0000000100000000-0x0000000140000000, reserved size: 1073741824
Narrow klass base: 0x0000000000000000, Narrow klass shift: 3, Narrow klass range: 0x140000000

GC Precious Log:
 CPUs: 2 total, 2 available
 Memory: 3696M
 Large Page Support: Disabled
 NUMA Support: Disabled
 Compressed Oops: Enabled (32-bit)
 Heap Region Size: 1M
 Heap Min Capacity: 128M
 Heap Initial Capacity: 128M
 Heap Max Capacity: 2G
 Pre-touch: Disabled
 Parallel Workers: 2
 Concurrent Workers: 1
 Concurrent Refinement Workers: 2
 Periodic GC: Disabled

Heap:
 garbage-first heap   total 131072K, used 6241K [0x0000000080000000, 0x0000000100000000)
  region size 1024K, 2 young (2048K), 1 survivors (1024K)
 Metaspace       used 10930K, committed 11136K, reserved 1114112K
  class space    used 1107K, committed 1216K, reserved 1048576K

Heap Regions: E=young(eden), S=young(survivor), O=old, HS=humongous(starts), HC=humongous(continues), CS=collection set, F=free, OA=open archive, CA=closed archive, TAMS=top-at-mark-start (previous, next)
|   0|0x0000000080000000, 0x0000000080100000, 0x0000000080100000|100%|HS|  |TAMS 0x0000000080000000, 0x0000000080000000| Complete 
|   1|0x0000000080100000, 0x0000000080200000, 0x0000000080200000|100%|HC|  |TAMS 0x0000000080100000, 0x0000000080100000| Complete 
|   2|0x0000000080200000, 0x0000000080300000, 0x0000000080300000|100%|HC|  |TAMS 0x0000000080200000, 0x0000000080200000| Complete 
|   3|0x0000000080300000, 0x0000000080400000, 0x0000000080400000|100%| O|  |TAMS 0x0000000080300000, 0x0000000080300000| Untracked 
|   4|0x0000000080400000, 0x0000000080500000, 0x0000000080500000|100%| O|  |TAMS 0x0000000080400000, 0x0000000080400000| Untracked 
|   5|0x0000000080500000, 0x0000000080518600, 0x0000000080600000|  9%| O|  |TAMS 0x0000000080500000, 0x0000000080500000| Untracked 
|   6|0x0000000080600000, 0x0000000080600000, 0x0000000080700000|  0%| F|  |TAMS 0x0000000080600000, 0x0000000080600000| Untracked 
|   7|0x0000000080700000, 0x0000000080700000, 0x0000000080800000|  0%| F|  |TAMS 0x0000000080700000, 0x0000000080700000| Untracked 
|   8|0x0000000080800000, 0x0000000080800000, 0x0000000080900000|  0%| F|  |TAMS 0x0000000080800000, 0x0000000080800000| Untracked 
|   9|0x0000000080900000, 0x0000000080900000, 0x0000000080a00000|  0%| F|  |TAMS 0x0000000080900000, 0x0000000080900000| Untracked 
|  10|0x0000000080a00000, 0x0000000080a00000, 0x0000000080b00000|  0%| F|  |TAMS 0x0000000080a00000, 0x0000000080a00000| Untracked 
|  11|0x0000000080b00000, 0x0000000080b00000, 0x0000000080c00000|  0%| F|  |TAMS 0x0000000080b00000, 0x0000000080b00000| Untracked 
|  12|0x0000000080c00000, 0x0000000080c00000, 0x0000000080d00000|  0%| F|  |TAMS 0x0000000080c00000, 0x0000000080c00000| Untracked 
|  13|0x0000000080d00000, 0x0000000080d00000, 0x0000000080e00000|  0%| F|  |TAMS 0x0000000080d00000, 0x0000000080d00000| Untracked 
|  14|0x0000000080e00000, 0x0000000080e00000, 0x0000000080f00000|  0%| F|  |TAMS 0x0000000080e00000, 0x0000000080e00000| Untracked 
|  15|0x0000000080f00000, 0x0000000080f00000, 0x0000000081000000|  0%| F|  |TAMS 0x0000000080f00000, 0x0000000080f00000| Untracked 
|  16|0x0000000081000000, 0x0000000081000000, 0x0000000081100000|  0%| F|  |TAMS 0x0000000081000000, 0x0000000081000000| Untracked 
|  17|0x0000000081100000, 0x0000000081100000, 0x0000000081200000|  0%| F|  |TAMS 0x0000000081100000, 0x0000000081100000| Untracked 
|  18|0x0000000081200000, 0x0000000081200000, 0x0000000081300000|  0%| F|  |TAMS 0x0000000081200000, 0x0000000081200000| Untracked 
|  19|0x0000000081300000, 0x0000000081300000, 0x0000000081400000|  0%| F|  |TAMS 0x0000000081300000, 0x0000000081300000| Untracked 
|  20|0x0000000081400000, 0x0000000081400000, 0x0000000081500000|  0%| F|  |TAMS 0x0000000081400000, 0x0000000081400000| Untracked 
|  21|0x0000000081500000, 0x0000000081500000, 0x0000000081600000|  0%| F|  |TAMS 0x0000000081500000, 0x0000000081500000| Untracked 
|  22|0x0000000081600000, 0x0000000081600000, 0x0000000081700000|  0%| F|  |TAMS 0x0000000081600000, 0x0000000081600000| Untracked 
|  23|0x0000000081700000, 0x0000000081700000, 0x0000000081800000|  0%| F|  |TAMS 0x0000000081700000, 0x0000000081700000| Untracked 
|  24|0x0000000081800000, 0x0000000081800000, 0x0000000081900000|  0%| F|  |TAMS 0x0000000081800000, 0x0000000081800000| Untracked 
|  25|0x0000000081900000, 0x0000000081900000, 0x0000000081a00000|  0%| F|  |TAMS 0x0000000081900000, 0x0000000081900000| Untracked 
|  26|0x0000000081a00000, 0x0000000081a00000, 0x0000000081b00000|  0%| F|  |TAMS 0x0000000081a00000, 0x0000000081a00000| Untracked 
|  27|0x0000000081b00000, 0x0000000081b00000, 0x0000000081c00000|  0%| F|  |TAMS 0x0000000081b00000, 0x0000000081b00000| Untracked 
|  28|0x0000000081c00000, 0x0000000081c00000, 0x0000000081d00000|  0%| F|  |TAMS 0x0000000081c00000, 0x0000000081c00000| Untracked 
|  29|0x0000000081d00000, 0x0000000081d00000, 0x0000000081e00000|  0%| F|  |TAMS 0x0000000081d00000, 0x0000000081d00000| Untracked 
|  30|0x0000000081e00000, 0x0000000081e00000, 0x0000000081f00000|  0%| F|  |TAMS 0x0000000081e00000, 0x0000000081e00000| Untracked 
|  31|0x0000000081f00000, 0x0000000081f00000, 0x0000000082000000|  0%| F|  |TAMS 0x0000000081f00000, 0x0000000081f00000| Untracked 
|  32|0x0000000082000000, 0x0000000082000000, 0x0000000082100000|  0%| F|  |TAMS 0x0000000082000000, 0x0000000082000000| Untracked 
|  33|0x0000000082100000, 0x0000000082100000, 0x0000000082200000|  0%| F|  |TAMS 0x0000000082100000, 0x0000000082100000| Untracked 
|  34|0x0000000082200000, 0x0000000082200000, 0x0000000082300000|  0%| F|  |TAMS 0x0000000082200000, 0x0000000082200000| Untracked 
|  35|0x0000000082300000, 0x0000000082300000, 0x0000000082400000|  0%| F|  |TAMS 0x0000000082300000, 0x0000000082300000| Untracked 
|  36|0x0000000082400000, 0x0000000082400000, 0x0000000082500000|  0%| F|  |TAMS 0x0000000082400000, 0x0000000082400000| Untracked 
|  37|0x0000000082500000, 0x0000000082500000, 0x0000000082600000|  0%| F|  |TAMS 0x0000000082500000, 0x0000000082500000| Untracked 
|  38|0x0000000082600000, 0x0000000082600000, 0x0000000082700000|  0%| F|  |TAMS 0x0000000082600000, 0x0000000082600000| Untracked 
|  39|0x0000000082700000, 0x0000000082700000, 0x0000000082800000|  0%| F|  |TAMS 0x0000000082700000, 0x0000000082700000| Untracked 
|  40|0x0000000082800000, 0x0000000082800000, 0x0000000082900000|  0%| F|  |TAMS 0x0000000082800000, 0x0000000082800000| Untracked 
|  41|0x0000000082900000, 0x0000000082900000, 0x0000000082a00000|  0%| F|  |TAMS 0x0000000082900000, 0x0000000082900000| Untracked 
|  42|0x0000000082a00000, 0x0000000082a00000, 0x0000000082b00000|  0%| F|  |TAMS 0x0000000082a00000, 0x0000000082a00000| Untracked 
|  43|0x0000000082b00000, 0x0000000082b00000, 0x0000000082c00000|  0%| F|  |TAMS 0x0000000082b00000, 0x0000000082b00000| Untracked 
|  44|0x0000000082c00000, 0x0000000082c00000, 0x0000000082d00000|  0%| F|  |TAMS 0x0000000082c00000, 0x0000000082c00000| Untracked 
|  45|0x0000000082d00000, 0x0000000082d00000, 0x0000000082e00000|  0%| F|  |TAMS 0x0000000082d00000, 0x0000000082d00000| Untracked 
|  46|0x0000000082e00000, 0x0000000082e00000, 0x0000000082f00000|  0%| F|  |TAMS 0x0000000082e00000, 0x0000000082e00000| Untracked 
|  47|0x0000000082f00000, 0x0000000082f00000, 0x0000000083000000|  0%| F|  |TAMS 0x0000000082f00000, 0x0000000082f00000| Untracked 
|  48|0x0000000083000000, 0x0000000083000000, 0x0000000083100000|  0%| F|  |TAMS 0x0000000083000000, 0x0000000083000000| Untracked 
|  49|0x0000000083100000, 0x0000000083100000, 0x0000000083200000|  0%| F|  |TAMS 0x0000000083100000, 0x0000000083100000| Untracked 
|  50|0x0000000083200000, 0x0000000083200000, 0x0000000083300000|  0%| F|  |TAMS 0x0000000083200000, 0x0000000083200000| Untracked 
|  51|0x0000000083300000, 0x0000000083300000, 0x0000000083400000|  0%| F|  |TAMS 0x0000000083300000, 0x0000000083300000| Untracked 
|  52|0x0000000083400000, 0x0000000083400000, 0x0000000083500000|  0%| F|  |TAMS 0x0000000083400000, 0x0000000083400000| Untracked 
|  53|0x0000000083500000, 0x0000000083500000, 0x0000000083600000|  0%| F|  |TAMS 0x0000000083500000, 0x0000000083500000| Untracked 
|  54|0x0000000083600000, 0x0000000083600000, 0x0000000083700000|  0%| F|  |TAMS 0x0000000083600000, 0x0000000083600000| Untracked 
|  55|0x0000000083700000, 0x0000000083700000, 0x0000000083800000|  0%| F|  |TAMS 0x0000000083700000, 0x0000000083700000| Untracked 
|  56|0x0000000083800000, 0x0000000083800000, 0x0000000083900000|  0%| F|  |TAMS 0x0000000083800000, 0x0000000083800000| Untracked 
|  57|0x0000000083900000, 0x0000000083900000, 0x0000000083a00000|  0%| F|  |TAMS 0x0000000083900000, 0x0000000083900000| Untracked 
|  58|0x0000000083a00000, 0x0000000083a00000, 0x0000000083b00000|  0%| F|  |TAMS 0x0000000083a00000, 0x0000000083a00000| Untracked 
|  59|0x0000000083b00000, 0x0000000083b00000, 0x0000000083c00000|  0%| F|  |TAMS 0x0000000083b00000, 0x0000000083b00000| Untracked 
|  60|0x0000000083c00000, 0x0000000083c00000, 0x0000000083d00000|  0%| F|  |TAMS 0x0000000083c00000, 0x0000000083c00000| Untracked 
|  61|0x0000000083d00000, 0x0000000083d00000, 0x0000000083e00000|  0%| F|  |TAMS 0x0000000083d00000, 0x0000000083d00000| Untracked 
|  62|0x0000000083e00000, 0x0000000083e00000, 0x0000000083f00000|  0%| F|  |TAMS 0x0000000083e00000, 0x0000000083e00000| Untracked 
|  63|0x0000000083f00000, 0x0000000083f00000, 0x0000000084000000|  0%| F|  |TAMS 0x0000000083f00000, 0x0000000083f00000| Untracked 
|  64|0x0000000084000000, 0x0000000084000000, 0x0000000084100000|  0%| F|  |TAMS 0x0000000084000000, 0x0000000084000000| Untracked 
|  65|0x0000000084100000, 0x0000000084100000, 0x0000000084200000|  0%| F|  |TAMS 0x0000000084100000, 0x0000000084100000| Untracked 
|  66|0x0000000084200000, 0x0000000084200000, 0x0000000084300000|  0%| F|  |TAMS 0x0000000084200000, 0x0000000084200000| Untracked 
|  67|0x0000000084300000, 0x0000000084300000, 0x0000000084400000|  0%| F|  |TAMS 0x0000000084300000, 0x0000000084300000| Untracked 
|  68|0x0000000084400000, 0x0000000084400000, 0x0000000084500000|  0%| F|  |TAMS 0x0000000084400000, 0x0000000084400000| Untracked 
|  69|0x0000000084500000, 0x0000000084500000, 0x0000000084600000|  0%| F|  |TAMS 0x0000000084500000, 0x0000000084500000| Untracked 
|  70|0x0000000084600000, 0x0000000084600000, 0x0000000084700000|  0%| F|  |TAMS 0x0000000084600000, 0x0000000084600000| Untracked 
|  71|0x0000000084700000, 0x0000000084700000, 0x0000000084800000|  0%| F|  |TAMS 0x0000000084700000, 0x0000000084700000| Untracked 
|  72|0x0000000084800000, 0x0000000084800000, 0x0000000084900000|  0%| F|  |TAMS 0x0000000084800000, 0x0000000084800000| Untracked 
|  73|0x0000000084900000, 0x0000000084900000, 0x0000000084a00000|  0%| F|  |TAMS 0x0000000084900000, 0x0000000084900000| Untracked 
|  74|0x0000000084a00000, 0x0000000084a00000, 0x0000000084b00000|  0%| F|  |TAMS 0x0000000084a00000, 0x0000000084a00000| Untracked 
|  75|0x0000000084b00000, 0x0000000084b00000, 0x0000000084c00000|  0%| F|  |TAMS 0x0000000084b00000, 0x0000000084b00000| Untracked 
|  76|0x0000000084c00000, 0x0000000084c00000, 0x0000000084d00000|  0%| F|  |TAMS 0x0000000084c00000, 0x0000000084c00000| Untracked 
|  77|0x0000000084d00000, 0x0000000084d00000, 0x0000000084e00000|  0%| F|  |TAMS 0x0000000084d00000, 0x0000000084d00000| Untracked 
|  78|0x0000000084e00000, 0x0000000084e00000, 0x0000000084f00000|  0%| F|  |TAMS 0x0000000084e00000, 0x0000000084e00000| Untracked 
|  79|0x0000000084f00000, 0x0000000084f00000, 0x0000000085000000|  0%| F|  |TAMS 0x0000000084f00000, 0x0000000084f00000| Untracked 
|  80|0x0000000085000000, 0x0000000085000000, 0x0000000085100000|  0%| F|  |TAMS 0x0000000085000000, 0x0000000085000000| Untracked 
|  81|0x0000000085100000, 0x0000000085100000, 0x0000000085200000|  0%| F|  |TAMS 0x0000000085100000, 0x0000000085100000| Untracked 
|  82|0x0000000085200000, 0x0000000085200000, 0x0000000085300000|  0%| F|  |TAMS 0x0000000085200000, 0x0000000085200000| Untracked 
|  83|0x0000000085300000, 0x0000000085300000, 0x0000000085400000|  0%| F|  |TAMS 0x0000000085300000, 0x0000000085300000| Untracked 
|  84|0x0000000085400000, 0x0000000085400000, 0x0000000085500000|  0%| F|  |TAMS 0x0000000085400000, 0x0000000085400000| Untracked 
|  85|0x0000000085500000, 0x0000000085500000, 0x0000000085600000|  0%| F|  |TAMS 0x0000000085500000, 0x0000000085500000| Untracked 
|  86|0x0000000085600000, 0x0000000085600000, 0x0000000085700000|  0%| F|  |TAMS 0x0000000085600000, 0x0000000085600000| Untracked 
|  87|0x0000000085700000, 0x0000000085700000, 0x0000000085800000|  0%| F|  |TAMS 0x0000000085700000, 0x0000000085700000| Untracked 
|  88|0x0000000085800000, 0x0000000085800000, 0x0000000085900000|  0%| F|  |TAMS 0x0000000085800000, 0x0000000085800000| Untracked 
|  89|0x0000000085900000, 0x0000000085900000, 0x0000000085a00000|  0%| F|  |TAMS 0x0000000085900000, 0x0000000085900000| Untracked 
|  90|0x0000000085a00000, 0x0000000085a00000, 0x0000000085b00000|  0%| F|  |TAMS 0x0000000085a00000, 0x0000000085a00000| Untracked 
|  91|0x0000000085b00000, 0x0000000085b00000, 0x0000000085c00000|  0%| F|  |TAMS 0x0000000085b00000, 0x0000000085b00000| Untracked 
|  92|0x0000000085c00000, 0x0000000085c00000, 0x0000000085d00000|  0%| F|  |TAMS 0x0000000085c00000, 0x0000000085c00000| Untracked 
|  93|0x0000000085d00000, 0x0000000085d00000, 0x0000000085e00000|  0%| F|  |TAMS 0x0000000085d00000, 0x0000000085d00000| Untracked 
|  94|0x0000000085e00000, 0x0000000085e00000, 0x0000000085f00000|  0%| F|  |TAMS 0x0000000085e00000, 0x0000000085e00000| Untracked 
|  95|0x0000000085f00000, 0x0000000085f00000, 0x0000000086000000|  0%| F|  |TAMS 0x0000000085f00000, 0x0000000085f00000| Untracked 
|  96|0x0000000086000000, 0x0000000086000000, 0x0000000086100000|  0%| F|  |TAMS 0x0000000086000000, 0x0000000086000000| Untracked 
|  97|0x0000000086100000, 0x0000000086100000, 0x0000000086200000|  0%| F|  |TAMS 0x0000000086100000, 0x0000000086100000| Untracked 
|  98|0x0000000086200000, 0x0000000086200000, 0x0000000086300000|  0%| F|  |TAMS 0x0000000086200000, 0x0000000086200000| Untracked 
|  99|0x0000000086300000, 0x0000000086300000, 0x0000000086400000|  0%| F|  |TAMS 0x0000000086300000, 0x0000000086300000| Untracked 
| 100|0x0000000086400000, 0x0000000086400000, 0x0000000086500000|  0%| F|  |TAMS 0x0000000086400000, 0x0000000086400000| Untracked 
| 101|0x0000000086500000, 0x0000000086500000, 0x0000000086600000|  0%| F|  |TAMS 0x0000000086500000, 0x0000000086500000| Untracked 
| 102|0x0000000086600000, 0x0000000086600000, 0x0000000086700000|  0%| F|  |TAMS 0x0000000086600000, 0x0000000086600000| Untracked 
| 103|0x0000000086700000, 0x0000000086700000, 0x0000000086800000|  0%| F|  |TAMS 0x0000000086700000, 0x0000000086700000| Untracked 
| 104|0x0000000086800000, 0x0000000086800000, 0x0000000086900000|  0%| F|  |TAMS 0x0000000086800000, 0x0000000086800000| Untracked 
| 105|0x0000000086900000, 0x0000000086900000, 0x0000000086a00000|  0%| F|  |TAMS 0x0000000086900000, 0x0000000086900000| Untracked 
| 106|0x0000000086a00000, 0x0000000086a00000, 0x0000000086b00000|  0%| F|  |TAMS 0x0000000086a00000, 0x0000000086a00000| Untracked 
| 107|0x0000000086b00000, 0x0000000086b00000, 0x0000000086c00000|  0%| F|  |TAMS 0x0000000086b00000, 0x0000000086b00000| Untracked 
| 108|0x0000000086c00000, 0x0000000086c00000, 0x0000000086d00000|  0%| F|  |TAMS 0x0000000086c00000, 0x0000000086c00000| Untracked 
| 109|0x0000000086d00000, 0x0000000086d00000, 0x0000000086e00000|  0%| F|  |TAMS 0x0000000086d00000, 0x0000000086d00000| Untracked 
| 110|0x0000000086e00000, 0x0000000086e00000, 0x0000000086f00000|  0%| F|  |TAMS 0x0000000086e00000, 0x0000000086e00000| Untracked 
| 111|0x0000000086f00000, 0x0000000086f00000, 0x0000000087000000|  0%| F|  |TAMS 0x0000000086f00000, 0x0000000086f00000| Untracked 
| 112|0x0000000087000000, 0x0000000087000000, 0x0000000087100000|  0%| F|  |TAMS 0x0000000087000000, 0x0000000087000000| Untracked 
| 113|0x0000000087100000, 0x0000000087100000, 0x0000000087200000|  0%| F|  |TAMS 0x0000000087100000, 0x0000000087100000| Untracked 
| 114|0x0000000087200000, 0x0000000087200000, 0x0000000087300000|  0%| F|  |TAMS 0x0000000087200000, 0x0000000087200000| Untracked 
| 115|0x0000000087300000, 0x0000000087300000, 0x0000000087400000|  0%| F|  |TAMS 0x0000000087300000, 0x0000000087300000| Untracked 
| 116|0x0000000087400000, 0x0000000087400000, 0x0000000087500000|  0%| F|  |TAMS 0x0000000087400000, 0x0000000087400000| Untracked 
| 117|0x0000000087500000, 0x0000000087500000, 0x0000000087600000|  0%| F|  |TAMS 0x0000000087500000, 0x0000000087500000| Untracked 
| 118|0x0000000087600000, 0x0000000087600000, 0x0000000087700000|  0%| F|  |TAMS 0x0000000087600000, 0x0000000087600000| Untracked 
| 119|0x0000000087700000, 0x0000000087700000, 0x0000000087800000|  0%| F|  |TAMS 0x0000000087700000, 0x0000000087700000| Untracked 
| 120|0x0000000087800000, 0x0000000087800000, 0x0000000087900000|  0%| F|  |TAMS 0x0000000087800000, 0x0000000087800000| Untracked 
| 121|0x0000000087900000, 0x0000000087a00000, 0x0000000087a00000|100%| S|CS|TAMS 0x0000000087900000, 0x0000000087900000| Complete 
| 122|0x0000000087a00000, 0x0000000087a00000, 0x0000000087b00000|  0%| F|  |TAMS 0x0000000087a00000, 0x0000000087a00000| Untracked 
| 123|0x0000000087b00000, 0x0000000087b00000, 0x0000000087c00000|  0%| F|  |TAMS 0x0000000087b00000, 0x0000000087b00000| Untracked 
| 124|0x0000000087c00000, 0x0000000087c00000, 0x0000000087d00000|  0%| F|  |TAMS 0x0000000087c00000, 0x0000000087c00000| Untracked 
| 125|0x0000000087d00000, 0x0000000087d00000, 0x0000000087e00000|  0%| F|  |TAMS 0x0000000087d00000, 0x0000000087d00000| Untracked 
| 126|0x0000000087e00000, 0x0000000087e00000, 0x0000000087f00000|  0%| F|  |TAMS 0x0000000087e00000, 0x0000000087e00000| Untracked 
| 127|0x0000000087f00000, 0x0000000087fc7c18, 0x0000000088000000| 78%| E|  |TAMS 0x0000000087f00000, 0x0000000087f00000| Complete 

Card table byte_map: [0x000001bd57260000,0x000001bd57660000] _byte_map_base: 0x000001bd56e60000

Marking Bits (Prev, Next): (CMBitMap*) 0x000001bd42b66f20, (CMBitMap*) 0x000001bd42b66f60
 Prev Bits: [0x000001bd57a60000, 0x000001bd59a60000)
 Next Bits: [0x000001bd59a60000, 0x000001bd5ba60000)

Polling page: 0x000001bd42940000

Metaspace:

Usage:
  Non-class:      9.59 MB used.
      Class:      1.08 MB used.
       Both:     10.67 MB used.

Virtual space:
  Non-class space:       64.00 MB reserved,       9.69 MB ( 15%) committed,  1 nodes.
      Class space:        1.00 GB reserved,       1.19 MB ( <1%) committed,  1 nodes.
             Both:        1.06 GB reserved,      10.88 MB ( <1%) committed. 

Chunk freelists:
   Non-Class:  6.09 MB
       Class:  14.69 MB
        Both:  20.78 MB

MaxMetaspaceSize: unlimited
CompressedClassSpaceSize: 1.00 GB
Initial GC threshold: 21.00 MB
Current GC threshold: 21.00 MB
CDS: off
MetaspaceReclaimPolicy: balanced
 - commit_granule_bytes: 65536.
 - commit_granule_words: 8192.
 - virtual_space_node_default_size: 8388608.
 - enlarge_chunks_in_place: 1.
 - new_chunks_are_fully_committed: 0.
 - uncommit_free_chunks: 1.
 - use_allocation_guard: 0.
 - handle_deallocations: 1.


Internal statistics:

num_allocs_failed_limit: 0.
num_arena_births: 186.
num_arena_deaths: 0.
num_vsnodes_births: 2.
num_vsnodes_deaths: 0.
num_space_committed: 174.
num_space_uncommitted: 0.
num_chunks_returned_to_freelist: 0.
num_chunks_taken_from_freelist: 281.
num_chunk_merges: 0.
num_chunk_splits: 162.
num_chunks_enlarged: 68.
num_inconsistent_stats: 0.

CodeHeap 'non-profiled nmethods': size=120064Kb used=198Kb max_used=198Kb free=119866Kb
 bounds [0x000001bd4f520000, 0x000001bd4f790000, 0x000001bd56a60000]
CodeHeap 'profiled nmethods': size=120000Kb used=1053Kb max_used=1053Kb free=118946Kb
 bounds [0x000001bd47a60000, 0x000001bd47cd0000, 0x000001bd4ef90000]
CodeHeap 'non-nmethods': size=5696Kb used=1137Kb max_used=1150Kb free=4558Kb
 bounds [0x000001bd4ef90000, 0x000001bd4f200000, 0x000001bd4f520000]
 total_blobs=1094 nmethods=667 adapters=341
 compilation: enabled
              stopped_count=0, restarted_count=0
 full_count=0

Compilation events (20 events):
Event: 1.445 Thread 0x000001bd6208da80 nmethod 654 0x000001bd47b62310 code [0x000001bd47b624e0, 0x000001bd47b62818]
Event: 1.445 Thread 0x000001bd6208da80  655       3       jdk.internal.org.objectweb.asm.Attribute::putAttributes (78 bytes)
Event: 1.445 Thread 0x000001bd6208da80 nmethod 655 0x000001bd47b62a10 code [0x000001bd47b62c60, 0x000001bd47b63198]
Event: 1.447 Thread 0x000001bd6202a670  656       4       java.lang.StringLatin1::indexOf (36 bytes)
Event: 1.456 Thread 0x000001bd6202a670 nmethod 656 0x000001bd4f550a90 code [0x000001bd4f550c00, 0x000001bd4f550d98]
Event: 1.460 Thread 0x000001bd6208da80  657       3       jdk.internal.org.objectweb.asm.Frame::setInputFrameFromDescriptor (175 bytes)
Event: 1.461 Thread 0x000001bd6208da80 nmethod 657 0x000001bd47b63490 code [0x000001bd47b636a0, 0x000001bd47b63e78]
Event: 1.462 Thread 0x000001bd6208da80  658       3       java.lang.invoke.InvokerBytecodeGenerator::refKindOpcode (112 bytes)
Event: 1.463 Thread 0x000001bd6208da80 nmethod 658 0x000001bd47b64290 code [0x000001bd47b64500, 0x000001bd47b64db8]
Event: 1.494 Thread 0x000001bd6208da80  659       3       java.lang.invoke.LambdaForm::returnType (26 bytes)
Event: 1.495 Thread 0x000001bd6208da80 nmethod 659 0x000001bd47b65010 code [0x000001bd47b651c0, 0x000001bd47b65378]
Event: 1.498 Thread 0x000001bd6208da80  660       3       jdk.internal.org.objectweb.asm.MethodWriter::visitAnnotation (40 bytes)
Event: 1.499 Thread 0x000001bd6208da80 nmethod 660 0x000001bd47b65490 code [0x000001bd47b65640, 0x000001bd47b658f8]
Event: 1.503 Thread 0x000001bd6208da80  661       3       jdk.internal.org.objectweb.asm.AnnotationWriter::<init> (60 bytes)
Event: 1.504 Thread 0x000001bd6208da80 nmethod 661 0x000001bd47b65990 code [0x000001bd47b65b60, 0x000001bd47b65f68]
Event: 1.504 Thread 0x000001bd6208da80  662       3       java.lang.invoke.InvokerBytecodeGenerator::assertStaticType (58 bytes)
Event: 1.505 Thread 0x000001bd6208da80 nmethod 662 0x000001bd47b66110 code [0x000001bd47b66300, 0x000001bd47b667f8]
Event: 1.505 Thread 0x000001bd6208da80  663       3       jdk.internal.org.objectweb.asm.AnnotationWriter::visitEnd (44 bytes)
Event: 1.505 Thread 0x000001bd6208da80 nmethod 663 0x000001bd47b66a10 code [0x000001bd47b66ba0, 0x000001bd47b66d38]
Event: 1.507 Thread 0x000001bd6202a670  666       4       jdk.internal.org.objectweb.asm.SymbolTable::addConstantUtf8 (98 bytes)

GC Heap History (2 events):
Event: 1.380 GC heap before
{Heap before GC invocations=0 (full 0):
 garbage-first heap   total 131072K, used 8192K [0x0000000080000000, 0x0000000100000000)
  region size 1024K, 6 young (6144K), 0 survivors (0K)
 Metaspace       used 10714K, committed 10880K, reserved 1114112K
  class space    used 1075K, committed 1152K, reserved 1048576K
}
Event: 1.389 GC heap after
{Heap after GC invocations=1 (full 0):
 garbage-first heap   total 131072K, used 6241K [0x0000000080000000, 0x0000000100000000)
  region size 1024K, 1 young (1024K), 1 survivors (1024K)
 Metaspace       used 10714K, committed 10880K, reserved 1114112K
  class space    used 1075K, committed 1152K, reserved 1048576K
}

Dll operation events (1 events):
Event: 0.154 Loaded shared library C:\Program Files\JetBrains\IntelliJ IDEA 2023.3.3\jbr\bin\java.dll

Deoptimization events (14 events):
Event: 0.622 Thread 0x000001bd42b0bef0 Uncommon trap: trap_request=0xffffff45 fr.pc=0x000001bd4f527cc4 relative=0x0000000000000604
Event: 0.622 Thread 0x000001bd42b0bef0 Uncommon trap: reason=unstable_if action=reinterpret pc=0x000001bd4f527cc4 method=java.util.zip.ZipFile$Source.checkAndAddEntry(II)I @ 128 c2
Event: 0.622 Thread 0x000001bd42b0bef0 DEOPT PACKING pc=0x000001bd4f527cc4 sp=0x0000003fdb0fdaf0
Event: 0.622 Thread 0x000001bd42b0bef0 DEOPT UNPACKING pc=0x000001bd4efe699d sp=0x0000003fdb0fda60 mode 2
Event: 0.622 Thread 0x000001bd42b0bef0 Uncommon trap: trap_request=0xffffff45 fr.pc=0x000001bd4f52730c relative=0x000000000000026c
Event: 0.622 Thread 0x000001bd42b0bef0 Uncommon trap: reason=unstable_if action=reinterpret pc=0x000001bd4f52730c method=java.util.zip.ZipCoder$UTF8ZipCoder.checkedHash([BII)I @ 75 c2
Event: 0.622 Thread 0x000001bd42b0bef0 DEOPT PACKING pc=0x000001bd4f52730c sp=0x0000003fdb0fda30
Event: 0.622 Thread 0x000001bd42b0bef0 DEOPT UNPACKING pc=0x000001bd4efe699d sp=0x0000003fdb0fd9c0 mode 2
Event: 0.622 Thread 0x000001bd42b0bef0 Uncommon trap: trap_request=0xffffff45 fr.pc=0x000001bd4f5289f8 relative=0x0000000000000158
Event: 0.622 Thread 0x000001bd42b0bef0 Uncommon trap: reason=unstable_if action=reinterpret pc=0x000001bd4f5289f8 method=java.util.zip.ZipFile$Source.isMetaName([BII)Z @ 15 c2
Event: 0.622 Thread 0x000001bd42b0bef0 DEOPT PACKING pc=0x000001bd4f5289f8 sp=0x0000003fdb0fdb00
Event: 0.622 Thread 0x000001bd42b0bef0 DEOPT UNPACKING pc=0x000001bd4efe699d sp=0x0000003fdb0fdaa8 mode 2
Event: 1.037 Thread 0x000001bd42b0bef0 DEOPT PACKING pc=0x000001bd47a7a4e7 sp=0x0000003fdb0fe590
Event: 1.037 Thread 0x000001bd42b0bef0 DEOPT UNPACKING pc=0x000001bd4efe7124 sp=0x0000003fdb0fd9b0 mode 0

Classes unloaded (0 events):
No events

Classes redefined (0 events):
No events

Internal exceptions (17 events):
Event: 0.710 Thread 0x000001bd42b0bef0 Exception <a 'java/lang/NoSuchMethodError'{0x0000000087c3b5e0}: 'java.lang.Object java.lang.invoke.DirectMethodHandle$Holder.invokeStatic(java.lang.Object, java.lang.Object, int)'> (0x0000000087c3b5e0) 
thrown [s\src\hotspot\share\interpreter\linkResolver.cpp, line 771]
Event: 0.713 Thread 0x000001bd42b0bef0 Exception <a 'java/lang/NoSuchMethodError'{0x0000000087c477c8}: 'void java.lang.invoke.DelegatingMethodHandle$Holder.delegate(java.lang.Object, java.lang.Object, int, java.lang.Object)'> (0x0000000087c477c8) 
thrown [s\src\hotspot\share\interpreter\linkResolver.cpp, line 771]
Event: 0.714 Thread 0x000001bd42b0bef0 Exception <a 'java/lang/NoSuchMethodError'{0x0000000087c4ba08}: 'int java.lang.invoke.DirectMethodHandle$Holder.invokeSpecial(java.lang.Object, java.lang.Object, java.lang.Object)'> (0x0000000087c4ba08) 
thrown [s\src\hotspot\share\interpreter\linkResolver.cpp, line 771]
Event: 0.740 Thread 0x000001bd42b0bef0 Exception <a 'java/lang/NoSuchMethodError'{0x0000000087c8e640}: 'void java.lang.invoke.DirectMethodHandle$Holder.invokeStatic(java.lang.Object, java.lang.Object, java.lang.Object)'> (0x0000000087c8e640) 
thrown [s\src\hotspot\share\interpreter\linkResolver.cpp, line 771]
Event: 0.752 Thread 0x000001bd42b0bef0 Exception <a 'java/lang/NoSuchMethodError'{0x0000000087c9af90}: 'java.lang.Object java.lang.invoke.Invokers$Holder.invoke_MT(java.lang.Object, java.lang.Object, java.lang.Object)'> (0x0000000087c9af90) 
thrown [s\src\hotspot\share\interpreter\linkResolver.cpp, line 771]
Event: 0.762 Thread 0x000001bd42b0bef0 Exception <a 'java/lang/NoSuchMethodError'{0x0000000087cab688}: 'void java.lang.invoke.DirectMethodHandle$Holder.invokeInterface(java.lang.Object, java.lang.Object, java.lang.Object)'> (0x0000000087cab688) 
thrown [s\src\hotspot\share\interpreter\linkResolver.cpp, line 771]
Event: 0.763 Thread 0x000001bd42b0bef0 Exception <a 'java/lang/IncompatibleClassChangeError'{0x0000000087caeae8}: Found class java.lang.Object, but interface was expected> (0x0000000087caeae8) 
thrown [s\src\hotspot\share\interpreter\linkResolver.cpp, line 838]
Event: 0.763 Thread 0x000001bd42b0bef0 Exception <a 'java/lang/IncompatibleClassChangeError'{0x0000000087cb0000}: Found class java.lang.Object, but interface was expected> (0x0000000087cb0000) 
thrown [s\src\hotspot\share\interpreter\linkResolver.cpp, line 838]
Event: 0.763 Thread 0x000001bd42b0bef0 Exception <a 'java/lang/IncompatibleClassChangeError'{0x0000000087cb0f78}: Found class java.lang.Object, but interface was expected> (0x0000000087cb0f78) 
thrown [s\src\hotspot\share\interpreter\linkResolver.cpp, line 838]
Event: 0.764 Thread 0x000001bd42b0bef0 Exception <a 'java/lang/IncompatibleClassChangeError'{0x0000000087cb2050}: Found class java.lang.Object, but interface was expected> (0x0000000087cb2050) 
thrown [s\src\hotspot\share\interpreter\linkResolver.cpp, line 838]
Event: 0.764 Thread 0x000001bd42b0bef0 Exception <a 'java/lang/IncompatibleClassChangeError'{0x0000000087cb3510}: Found class java.lang.Object, but interface was expected> (0x0000000087cb3510) 
thrown [s\src\hotspot\share\interpreter\linkResolver.cpp, line 838]
Event: 0.765 Thread 0x000001bd42b0bef0 Exception <a 'java/lang/NoSuchMethodError'{0x0000000087cb61e0}: 'void java.lang.invoke.DirectMethodHandle$Holder.invokeStatic(java.lang.Object, java.lang.Object)'> (0x0000000087cb61e0) 
thrown [s\src\hotspot\share\interpreter\linkResolver.cpp, line 771]
Event: 0.766 Thread 0x000001bd42b0bef0 Exception <a 'java/lang/NoSuchMethodError'{0x0000000087cb9850}: 'void java.lang.invoke.DirectMethodHandle$Holder.invokeStaticInit(java.lang.Object, java.lang.Object)'> (0x0000000087cb9850) 
thrown [s\src\hotspot\share\interpreter\linkResolver.cpp, line 771]
Event: 0.808 Thread 0x000001bd42b0bef0 Exception <a 'java/lang/NoSuchMethodError'{0x0000000087ccc7d8}: 'java.lang.Object java.lang.invoke.DirectMethodHandle$Holder.invokeStaticInit(java.lang.Object)'> (0x0000000087ccc7d8) 
thrown [s\src\hotspot\share\interpreter\linkResolver.cpp, line 771]
Event: 0.881 Thread 0x000001bd42b0bef0 Exception <a 'java/lang/NoSuchMethodError'{0x0000000087b49fd0}: 'java.lang.Object java.lang.invoke.DirectMethodHandle$Holder.invokeStaticInit(java.lang.Object, int, int, int, int)'> (0x0000000087b49fd0) 
thrown [s\src\hotspot\share\interpreter\linkResolver.cpp, line 771]
Event: 0.964 Thread 0x000001bd42b0bef0 Exception <a 'java/lang/NoSuchMethodError'{0x0000000087b7cea8}: 'java.lang.Object java.lang.invoke.DirectMethodHandle$Holder.invokeStaticInit(java.lang.Object, java.lang.Object, int, int, int, int)'> (0x0000000087b7cea8) 
thrown [s\src\hotspot\share\interpreter\linkResolver.cpp, line 771]
Event: 1.418 Thread 0x000001bd42b0bef0 Exception <a 'java/lang/NoSuchMethodError'{0x0000000087f516f8}: 'java.lang.Object java.lang.invoke.Invokers$Holder.linkToTargetMethod(java.lang.Object, long, java.lang.Object)'> (0x0000000087f516f8) 
thrown [s\src\hotspot\share\interpreter\linkResolver.cpp, line 771]

VM Operations (8 events):
Event: 0.556 Executing VM operation: HandshakeAllThreads
Event: 0.556 Executing VM operation: HandshakeAllThreads done
Event: 0.658 Executing VM operation: HandshakeAllThreads
Event: 0.658 Executing VM operation: HandshakeAllThreads done
Event: 0.778 Executing VM operation: HandshakeAllThreads
Event: 0.778 Executing VM operation: HandshakeAllThreads done
Event: 1.380 Executing VM operation: G1CollectForAllocation
Event: 1.392 Executing VM operation: G1CollectForAllocation done

Events (20 events):
Event: 1.433 loading class sun/rmi/transport/tcp/TCPTransport$ConnectionHandler
Event: 1.433 loading class sun/rmi/transport/tcp/TCPTransport$ConnectionHandler done
Event: 1.434 Thread 0x000001bd6264eea0 Thread added: 0x000001bd6264eea0
Event: 1.434 Thread 0x000001bd6264c820 Thread added: 0x000001bd6264c820
Event: 1.534 loading class java/net/StandardSocketOptions
Event: 1.534 loading class java/net/StandardSocketOptions done
Event: 1.534 loading class java/net/StandardSocketOptions$StdSocketOption
Event: 1.534 loading class java/net/StandardSocketOptions$StdSocketOption done
Event: 1.534 loading class sun/nio/ch/SocketOptionRegistry
Event: 1.534 loading class sun/nio/ch/SocketOptionRegistry done
Event: 1.534 loading class sun/nio/ch/SocketOptionRegistry$RegistryKey
Event: 1.534 loading class sun/nio/ch/SocketOptionRegistry$RegistryKey done
Event: 1.534 loading class sun/nio/ch/SocketOptionRegistry$LazyInitialization
Event: 1.535 loading class sun/nio/ch/SocketOptionRegistry$LazyInitialization done
Event: 1.535 loading class sun/nio/ch/OptionKey
Event: 1.535 loading class sun/nio/ch/OptionKey done
Event: 1.535 loading class sun/nio/ch/ExtendedSocketOption
Event: 1.535 loading class sun/nio/ch/ExtendedSocketOption done
Event: 1.535 loading class sun/nio/ch/ExtendedSocketOption$1
Event: 1.535 loading class sun/nio/ch/ExtendedSocketOption$1 done


Dynamic libraries:
0x00007ff7a6af0000 - 0x00007ff7a6afa000 	C:\Program Files\JetBrains\IntelliJ IDEA 2023.3.3\jbr\bin\java.exe
0x00007fffc21a0000 - 0x00007fffc2390000 	C:\windows\SYSTEM32\ntdll.dll
0x00007fffc0470000 - 0x00007fffc0522000 	C:\windows\System32\KERNEL32.DLL
0x00007fffbf180000 - 0x00007fffbf423000 	C:\windows\System32\KERNELBASE.dll
0x00007fffbf460000 - 0x00007fffbf55a000 	C:\windows\System32\ucrtbase.dll
0x00007fff9ab50000 - 0x00007fff9ab67000 	C:\Program Files\JetBrains\IntelliJ IDEA 2023.3.3\jbr\bin\jli.dll
0x00007fff92b40000 - 0x00007fff92b5b000 	C:\Program Files\JetBrains\IntelliJ IDEA 2023.3.3\jbr\bin\VCRUNTIME140.dll
0x00007fffc11c0000 - 0x00007fffc1354000 	C:\windows\System32\USER32.dll
0x00007fffbf430000 - 0x00007fffbf451000 	C:\windows\System32\win32u.dll
0x00007fffc1bc0000 - 0x00007fffc1be6000 	C:\windows\System32\GDI32.dll
0x00007fffbf8d0000 - 0x00007fffbfa64000 	C:\windows\System32\gdi32full.dll
0x00007fffbf730000 - 0x00007fffbf7ce000 	C:\windows\System32\msvcp_win.dll
0x00007fffbdbf0000 - 0x00007fffbde75000 	C:\windows\WinSxS\amd64_microsoft.windows.common-controls_6595b64144ccf1df_6.0.18362.418_none_e6c6b287130d565d\COMCTL32.dll
0x00007fffc1b20000 - 0x00007fffc1bbe000 	C:\windows\System32\msvcrt.dll
0x00007fffc0d20000 - 0x00007fffc1056000 	C:\windows\System32\combase.dll
0x00007fffc1e10000 - 0x00007fffc1f30000 	C:\windows\System32\RPCRT4.dll
0x00007fffbf560000 - 0x00007fffbf5e0000 	C:\windows\System32\bcryptPrimitives.dll
0x00007fffc1d00000 - 0x00007fffc1d2e000 	C:\windows\System32\IMM32.DLL
0x00007fff92ed0000 - 0x00007fff92edc000 	C:\Program Files\JetBrains\IntelliJ IDEA 2023.3.3\jbr\bin\vcruntime140_1.dll
0x00007fff83c70000 - 0x00007fff83cfd000 	C:\Program Files\JetBrains\IntelliJ IDEA 2023.3.3\jbr\bin\msvcp140.dll
0x00007fff5d200000 - 0x00007fff5de82000 	C:\Program Files\JetBrains\IntelliJ IDEA 2023.3.3\jbr\bin\server\jvm.dll
0x00007fffc1c50000 - 0x00007fffc1cf3000 	C:\windows\System32\ADVAPI32.dll
0x00007fffc0c80000 - 0x00007fffc0d17000 	C:\windows\System32\sechost.dll
0x00007fffbf0c0000 - 0x00007fffbf10a000 	C:\windows\System32\POWRPROF.dll
0x00007fffbf070000 - 0x00007fffbf080000 	C:\windows\System32\UMPDC.dll
0x00007fffbc420000 - 0x00007fffbc444000 	C:\windows\SYSTEM32\WINMM.dll
0x00007fffa6f10000 - 0x00007fffa6f19000 	C:\windows\SYSTEM32\WSOCK32.dll
0x00007fffbc3f0000 - 0x00007fffbc41d000 	C:\windows\SYSTEM32\WINMMBASE.dll
0x00007fffbf130000 - 0x00007fffbf17a000 	C:\windows\System32\cfgmgr32.dll
0x00007fffbc870000 - 0x00007fffbc87a000 	C:\windows\SYSTEM32\VERSION.dll
0x00007fffc20f0000 - 0x00007fffc215f000 	C:\windows\System32\WS2_32.dll
0x00007fffbf0a0000 - 0x00007fffbf0b1000 	C:\windows\System32\kernel.appcore.dll
0x00007fffac350000 - 0x00007fffac35a000 	C:\Program Files\JetBrains\IntelliJ IDEA 2023.3.3\jbr\bin\jimage.dll
0x00007fffbe990000 - 0x00007fffbeb84000 	C:\windows\SYSTEM32\DBGHELP.DLL
0x00007fffbe430000 - 0x00007fffbe45a000 	C:\windows\SYSTEM32\dbgcore.DLL
0x00007fffac320000 - 0x00007fffac345000 	C:\Program Files\JetBrains\IntelliJ IDEA 2023.3.3\jbr\bin\java.dll
0x00007fffa3400000 - 0x00007fffa3418000 	C:\Program Files\JetBrains\IntelliJ IDEA 2023.3.3\jbr\bin\zip.dll
0x00007fffc1430000 - 0x00007fffc1b15000 	C:\windows\System32\SHELL32.dll
0x00007fffc1380000 - 0x00007fffc1429000 	C:\windows\System32\shcore.dll
0x00007fffbfad0000 - 0x00007fffc024f000 	C:\windows\System32\windows.storage.dll
0x00007fffbf110000 - 0x00007fffbf12f000 	C:\windows\System32\profapi.dll
0x00007fffc1bf0000 - 0x00007fffc1c42000 	C:\windows\System32\shlwapi.dll
0x00007fffbf7d0000 - 0x00007fffbf7e7000 	C:\windows\System32\cryptsp.dll
0x00007fff9f840000 - 0x00007fff9f859000 	C:\Program Files\JetBrains\IntelliJ IDEA 2023.3.3\jbr\bin\net.dll
0x00007fffb19b0000 - 0x00007fffb1aa0000 	C:\windows\SYSTEM32\WINHTTP.dll
0x00007fffbe560000 - 0x00007fffbe5c7000 	C:\windows\system32\mswsock.dll
0x00007fff9ed50000 - 0x00007fff9ed66000 	C:\Program Files\JetBrains\IntelliJ IDEA 2023.3.3\jbr\bin\nio.dll
0x00007fffbe1c0000 - 0x00007fffbe1fa000 	C:\windows\SYSTEM32\IPHLPAPI.DLL
0x00007fffc1360000 - 0x00007fffc1368000 	C:\windows\System32\NSI.dll
0x00007fffaf810000 - 0x00007fffaf826000 	C:\windows\SYSTEM32\dhcpcsvc6.DLL
0x00007fffaf7f0000 - 0x00007fffaf80c000 	C:\windows\SYSTEM32\dhcpcsvc.DLL
0x00007fffbe200000 - 0x00007fffbe2ca000 	C:\windows\SYSTEM32\DNSAPI.dll
0x00007fffbe020000 - 0x00007fffbe053000 	C:\windows\system32\rsaenh.dll
0x00007fffbf8a0000 - 0x00007fffbf8c6000 	C:\windows\System32\bcrypt.dll
0x00007fffbef60000 - 0x00007fffbef85000 	C:\windows\SYSTEM32\USERENV.dll
0x00007fffbe730000 - 0x00007fffbe73c000 	C:\windows\SYSTEM32\CRYPTBASE.dll
0x00007fff93940000 - 0x00007fff93947000 	C:\Program Files\JetBrains\IntelliJ IDEA 2023.3.3\jbr\bin\rmi.dll

dbghelp: loaded successfully - version: 4.0.5 - missing functions: none
symbol engine: initialized successfully - sym options: 0x614 - pdb path: .;C:\Program Files\JetBrains\IntelliJ IDEA 2023.3.3\jbr\bin;C:\windows\SYSTEM32;C:\windows\WinSxS\amd64_microsoft.windows.common-controls_6595b64144ccf1df_6.0.18362.418_none_e6c6b287130d565d;C:\Program Files\JetBrains\IntelliJ IDEA 2023.3.3\jbr\bin\server

VM Arguments:
jvm_args: -Djava.rmi.server.hostname=127.0.0.1 -Duser.timezone=UTC -Xmx2048m -Xms128m -Djdbc.classpath=C:\Program Files\JetBrains\IntelliJ IDEA 2023.3.3\plugins\DatabaseTools\lib\jdbc-console.jar;C:\Users\Elève\AppData\Roaming\JetBrains\IntelliJIdea2023.3\jdbc-drivers\MySQL ConnectorJ\8.0.25\mysql\mysql-connector-java\8.0.25\mysql-connector-java-8.0.25.jar;C:\Users\Elève\AppData\Roaming\JetBrains\IntelliJIdea2023.3\jdbc-drivers\MySQL ConnectorJ\8.0.25\com\google\protobuf\protobuf-java\3.11.4\protobuf-java-3.11.4.jar --add-exports=java.desktop/sun.awt=ALL-UNNAMED --add-exports=java.desktop/java.awt.peer=ALL-UNNAMED --add-opens=java.desktop/java.awt=ALL-UNNAMED --add-opens=jdk.unsupported/sun.misc=ALL-UNNAMED --add-opens=java.base/java.nio=ALL-UNNAMED --add-opens=java.base/java.util=ALL-UNNAMED -Dfile.encoding=UTF-8 
java_command: com.intellij.database.remote.RemoteJdbcServer com.mysql.cj.jdbc.Driver
java_class_path (initial): C:\Program Files\JetBrains\IntelliJ IDEA 2023.3.3\lib\util_rt.jar;C:\Program Files\JetBrains\IntelliJ IDEA 2023.3.3\lib\util-8.jar;C:\Program Files\JetBrains\IntelliJ IDEA 2023.3.3\lib\groovy.jar;C:\Program Files\JetBrains\IntelliJ IDEA 2023.3.3\plugins\DatabaseTools\lib\jdbc-console.jar;C:\Program Files\JetBrains\IntelliJ IDEA 2023.3.3\plugins\grid-core-impl\lib\jdbc-console-types.jar;C:\Program Files\JetBrains\IntelliJ IDEA 2023.3.3\lib\util.jar
Launcher Type: SUN_STANDARD

[Global flags]
     intx CICompilerCount                          = 2                                         {product} {ergonomic}
     uint ConcGCThreads                            = 1                                         {product} {ergonomic}
     uint G1ConcRefinementThreads                  = 2                                         {product} {ergonomic}
   size_t G1HeapRegionSize                         = 1048576                                   {product} {ergonomic}
    uintx GCDrainStackTargetSize                   = 64                                        {product} {ergonomic}
   size_t InitialHeapSize                          = 134217728                                 {product} {command line}
   size_t MarkStackSize                            = 4194304                                   {product} {ergonomic}
   size_t MaxHeapSize                              = 2147483648                                {product} {command line}
   size_t MaxNewSize                               = 1287651328                                {product} {ergonomic}
   size_t MinHeapDeltaBytes                        = 1048576                                   {product} {ergonomic}
   size_t MinHeapSize                              = 134217728                                 {product} {command line}
    uintx NonNMethodCodeHeapSize                   = 5826188                                {pd product} {ergonomic}
    uintx NonProfiledCodeHeapSize                  = 122916026                              {pd product} {ergonomic}
    uintx ProfiledCodeHeapSize                     = 122916026                              {pd product} {ergonomic}
    uintx ReservedCodeCacheSize                    = 251658240                              {pd product} {ergonomic}
     bool SegmentedCodeCache                       = true                                      {product} {ergonomic}
   size_t SoftMaxHeapSize                          = 2147483648                             {manageable} {ergonomic}
     bool UseCompressedClassPointers               = true                           {product lp64_product} {ergonomic}
     bool UseCompressedOops                        = true                           {product lp64_product} {ergonomic}
     bool UseG1GC                                  = true                                      {product} {ergonomic}
     bool UseLargePagesIndividualAllocation        = false                                  {pd product} {ergonomic}

Logging:
Log output configuration:
 #0: stdout all=warning uptime,level,tags
 #1: stderr all=off uptime,level,tags

Environment Variables:
PATH=C:\Program Files (x86)\Common Files\Oracle\Java\javapath;C:\windows\system32;C:\windows;C:\windows\System32\Wbem;C:\windows\System32\WindowsPowerShell\v1.0\;C:\windows\System32\OpenSSH\;C:\Program Files\PowerShell\7\;C:\Program Files\Git\cmd;C:\Program Files\nodejs\;C:\Program Files (x86)\apache-maven-3.9.6\bin;C:\Program Files (x86)\gradle-8.6\bin;C:\Users\Elève\scoop\shims;C:\Users\Elève\AppData\Local\Programs\Microsoft VS Code\bin;C:\PyCharm Community Edition 2021.3.3\bin;;C:\Users\Elève\mingw32\bin;C:\Program Files (x86)\php-8.3.0-Win32-vs16-x64;C:\Users\Elève\composer;C:\Users\Elève\AppData\Roaming\Composer\vendor\bin;C:\Program Files (x86)\Git;C:\Users\Elève\AppData\Roaming\npm;C:\Program Files\JetBrains\IntelliJ IDEA 2023.3.3\bin;;C:\Program Files\JetBrains\IntelliJ IDEA Community Edition 2023.3.2\bin;;C:\Program Files (x86)\gradle-8.6\bin;
USERNAME=Elève
OS=Windows_NT
PROCESSOR_IDENTIFIER=Intel64 Family 6 Model 122 Stepping 1, GenuineIntel
TMP=C:\Users\ELVE~1\AppData\Local\Temp
TEMP=C:\Users\ELVE~1\AppData\Local\Temp



Periodic native trim disabled

JNI global refs:
JNI global refs: 14, weak refs: 0

JNI global refs memory usage: 843, weak refs: 209

OOME stack traces (most recent first):
Classloader memory used:
